17:46:09:465  INFO 27100 --- [main] com.hmall.pay.PayApplication             : Starting PayApplication using Java 11.0.30 on feng with PID 27100 (E:\CodeWorkPlace\heimai-heimaShop\hmall\pay-service\target\classes started by 冯宏涛 in E:\CodeWorkPlace\heimai-heimaShop\hmall)
17:46:09:471 DEBUG 27100 --- [main] com.hmall.pay.PayApplication             : Running with Spring Boot v2.7.12, Spring v5.3.27
17:46:09:472  INFO 27100 --- [main] com.hmall.pay.PayApplication             : The following 1 profile is active: "local"
17:46:10:252  INFO 27100 --- [main] .s.d.r.c.RepositoryConfigurationDelegate : Multiple Spring Data modules found, entering strict repository configuration mode
17:46:10:255  INFO 27100 --- [main] .s.d.r.c.RepositoryConfigurationDelegate : Bootstrapping Spring Data Redis repositories in DEFAULT mode.
17:46:10:280  INFO 27100 --- [main] .s.d.r.c.RepositoryConfigurationDelegate : Finished Spring Data repository scanning in 8 ms. Found 0 Redis repository interfaces.
17:46:10:525  INFO 27100 --- [main] o.s.cloud.context.scope.GenericScope     : BeanFactory id=e1102720-4605-3bae-a005-da5132410159
17:46:10:894  INFO 27100 --- [main] o.s.b.w.embedded.tomcat.TomcatWebServer  : Tomcat initialized with port(s): 8905 (http)
17:46:10:901  INFO 27100 --- [main] o.apache.catalina.core.StandardService   : Starting service [Tomcat]
17:46:10:902  INFO 27100 --- [main] org.apache.catalina.core.StandardEngine  : Starting Servlet engine: [Apache Tomcat/9.0.75]
17:46:11:025  INFO 27100 --- [main] o.a.c.c.C.[Tomcat].[localhost].[/]       : Initializing Spring embedded WebApplicationContext
17:46:11:026  INFO 27100 --- [main] w.s.c.ServletWebServerApplicationContext : Root WebApplicationContext: initialization completed in 1508 ms
17:46:11:233  INFO 27100 --- [main] o.s.c.openfeign.FeignClientFactoryBean   : For 'user-service' URL not provided. Will try picking an instance via load-balancing.
17:46:11:281  INFO 27100 --- [main] o.s.c.openfeign.FeignClientFactoryBean   : For 'trade-service' URL not provided. Will try picking an instance via load-balancing.
17:46:15:271  INFO 27100 --- [main] pertySourcedRequestMappingHandlerMapping : Mapped URL path [/v2/api-docs] onto method [springfox.documentation.swagger2.web.Swagger2ControllerWebMvc#getDocumentation(String, HttpServletRequest)]
17:46:17:078  INFO 27100 --- [main] com.alibaba.nacos.common.remote.client   : [RpcClientFactory] create a new rpc client of 739a8b41-f87d-4f4f-a7ed-80b5619d7429
17:46:17:113  INFO 27100 --- [main] org.reflections.Reflections              : Reflections took 17 ms to scan 1 urls, producing 3 keys and 6 values 
17:46:17:134  INFO 27100 --- [main] org.reflections.Reflections              : Reflections took 7 ms to scan 1 urls, producing 4 keys and 9 values 
17:46:17:142  INFO 27100 --- [main] org.reflections.Reflections              : Reflections took 6 ms to scan 1 urls, producing 3 keys and 10 values 
17:46:17:145  WARN 27100 --- [main] org.reflections.Reflections              : given scan urls are empty. set urls in the configuration
17:46:17:149  INFO 27100 --- [main] org.reflections.Reflections              : Reflections took 4 ms to scan 1 urls, producing 1 keys and 5 values 
17:46:17:156  INFO 27100 --- [main] org.reflections.Reflections              : Reflections took 5 ms to scan 1 urls, producing 1 keys and 7 values 
17:46:17:163  INFO 27100 --- [main] org.reflections.Reflections              : Reflections took 5 ms to scan 1 urls, producing 2 keys and 8 values 
17:46:17:165  WARN 27100 --- [main] org.reflections.Reflections              : given scan urls are empty. set urls in the configuration
17:46:17:165  INFO 27100 --- [main] com.alibaba.nacos.common.remote.client   : [739a8b41-f87d-4f4f-a7ed-80b5619d7429] RpcClient init label, labels = {module=naming, source=sdk}
17:46:17:167  INFO 27100 --- [main] com.alibaba.nacos.common.remote.client   : [739a8b41-f87d-4f4f-a7ed-80b5619d7429] RpcClient init, ServerListFactory = com.alibaba.nacos.client.naming.core.ServerListManager
17:46:17:167  INFO 27100 --- [main] com.alibaba.nacos.common.remote.client   : [739a8b41-f87d-4f4f-a7ed-80b5619d7429] Registry connection listener to current client:com.alibaba.nacos.client.naming.remote.gprc.redo.NamingGrpcRedoService
17:46:17:167  INFO 27100 --- [main] com.alibaba.nacos.common.remote.client   : [739a8b41-f87d-4f4f-a7ed-80b5619d7429] Register server push request handler:com.alibaba.nacos.client.naming.remote.gprc.NamingPushRequestHandler
17:46:17:169  INFO 27100 --- [main] com.alibaba.nacos.common.remote.client   : [739a8b41-f87d-4f4f-a7ed-80b5619d7429] Try to connect to server on start up, server: {serverIp = '192.168.223.129', server main port = 8848}
17:46:21:566  INFO 27100 --- [main] com.alibaba.nacos.common.remote.client   : [739a8b41-f87d-4f4f-a7ed-80b5619d7429] Success to connect to server [192.168.223.129:8848] on start up, connectionId = 1773740781776_192.168.223.1_22091
17:46:21:567  INFO 27100 --- [com.alibaba.nacos.client.remote.worker] com.alibaba.nacos.common.remote.client   : [739a8b41-f87d-4f4f-a7ed-80b5619d7429] Notify connected event to listeners.
17:46:21:568  INFO 27100 --- [main] com.alibaba.nacos.common.remote.client   : [739a8b41-f87d-4f4f-a7ed-80b5619d7429] Register server push request handler:com.alibaba.nacos.common.remote.client.RpcClient$ConnectResetRequestHandler
17:46:21:568  INFO 27100 --- [main] com.alibaba.nacos.common.remote.client   : [739a8b41-f87d-4f4f-a7ed-80b5619d7429] Register server push request handler:com.alibaba.nacos.common.remote.client.RpcClient$$Lambda$1115/0x00000008406dac40
17:46:21:640  INFO 27100 --- [main] o.s.b.w.embedded.tomcat.TomcatWebServer  : Tomcat started on port(s): 8905 (http) with context path ''
17:46:21:662  INFO 27100 --- [main] c.a.c.n.registry.NacosServiceRegistry    : nacos registry, DEFAULT_GROUP pay-service 192.168.223.1:8905 register finished
17:46:22:122  INFO 27100 --- [nacos-grpc-client-executor-6] com.alibaba.nacos.common.remote.client   : [739a8b41-f87d-4f4f-a7ed-80b5619d7429] Receive server push request, request = NotifySubscriberRequest, requestId = 33
17:46:22:127  INFO 27100 --- [nacos-grpc-client-executor-6] com.alibaba.nacos.common.remote.client   : [739a8b41-f87d-4f4f-a7ed-80b5619d7429] Ack server push request, request = NotifySubscriberRequest, requestId = 33
17:46:23:072  INFO 27100 --- [main] d.s.w.p.DocumentationPluginsBootstrapper : Documentation plugins bootstrapped
17:46:23:074  INFO 27100 --- [main] d.s.w.p.DocumentationPluginsBootstrapper : Found 1 custom documentation plugin(s)
17:46:23:091  INFO 27100 --- [main] s.d.s.w.s.ApiListingReferenceScanner     : Scanning for api listing references
17:46:23:160  INFO 27100 --- [main] com.hmall.pay.PayApplication             : Started PayApplication in 15.714 seconds (JVM running for 17.375)
17:47:42:012  INFO 27100 --- [http-nio-8905-exec-1] o.s.web.servlet.DispatcherServlet        : Initializing Servlet 'dispatcherServlet'
17:47:42:014  INFO 27100 --- [http-nio-8905-exec-1] o.s.web.servlet.DispatcherServlet        : Completed initialization in 2 ms
17:47:42:166  INFO 27100 --- [http-nio-8905-exec-1] com.zaxxer.hikari.HikariDataSource       : HikariPool-1 - Starting...
17:47:42:408  INFO 27100 --- [http-nio-8905-exec-1] com.zaxxer.hikari.HikariDataSource       : HikariPool-1 - Start completed.
17:47:42:413 DEBUG 27100 --- [http-nio-8905-exec-1] c.h.p.mapper.PayOrderMapper.selectList   : ==>  Preparing: SELECT id,biz_order_no,pay_order_no,biz_user_id,pay_channel_code,amount,pay_type,status,expand_json,result_code,result_msg,pay_success_time,pay_over_time,qr_code_url,create_time,update_time,creater,updater,is_delete FROM pay_order WHERE (biz_order_no = ?)
17:47:42:431 DEBUG 27100 --- [http-nio-8905-exec-1] c.h.p.mapper.PayOrderMapper.selectList   : ==> Parameters: 2033842700612116481(Long)
17:47:42:483 DEBUG 27100 --- [http-nio-8905-exec-1] c.h.p.mapper.PayOrderMapper.selectList   : <==      Total: 0
17:47:42:526 DEBUG 27100 --- [http-nio-8905-exec-1] c.h.pay.mapper.PayOrderMapper.insert     : ==>  Preparing: INSERT INTO pay_order ( id, biz_order_no, pay_order_no, biz_user_id, pay_channel_code, amount, pay_type, status, pay_over_time ) VALUES ( ?, ?, ?, ?, ?, ?, ?, ?, ? )
17:47:42:529 DEBUG 27100 --- [http-nio-8905-exec-1] c.h.pay.mapper.PayOrderMapper.insert     : ==> Parameters: 2033842705087447043(Long), 2033842700612116481(Long), 2033842705087447042(Long), 1(Long), balance(String), 158300(Integer), 5(Integer), 1(Integer), 2026-03-17T19:47:42.519465(LocalDateTime)
17:47:42:537 DEBUG 27100 --- [http-nio-8905-exec-1] c.h.pay.mapper.PayOrderMapper.insert     : <==    Updates: 1
17:56:31:473  WARN 27100 --- [Thread-7] c.a.n.common.http.HttpClientBeanHolder   : [HttpClientBeanHolder] Start destroying common HttpClient
17:56:31:473  WARN 27100 --- [Thread-4] c.a.nacos.common.notify.NotifyCenter     : [NotifyCenter] Start destroying Publisher
17:56:31:473  WARN 27100 --- [Thread-4] c.a.nacos.common.notify.NotifyCenter     : [NotifyCenter] Destruction of the end
17:56:31:475  WARN 27100 --- [Thread-7] c.a.n.common.http.HttpClientBeanHolder   : [HttpClientBeanHolder] Destruction of the end
17:56:32:860  INFO 27100 --- [SpringApplicationShutdownHook] c.a.c.n.registry.NacosServiceRegistry    : De-registering from Nacos Server now...
17:56:32:866  INFO 27100 --- [SpringApplicationShutdownHook] c.a.c.n.registry.NacosServiceRegistry    : De-registration finished.
17:56:33:188  INFO 27100 --- [SpringApplicationShutdownHook] com.alibaba.nacos.common.remote.client   : Shutdown rpc client, set status to shutdown
17:56:33:188  INFO 27100 --- [SpringApplicationShutdownHook] com.alibaba.nacos.common.remote.client   : Shutdown client event executor java.util.concurrent.ScheduledThreadPoolExecutor@1c1c802b[Running, pool size = 2, active threads = 2, queued tasks = 0, completed tasks = 0]
17:56:33:188  INFO 27100 --- [SpringApplicationShutdownHook] com.alibaba.nacos.common.remote.client   : Close current connection 1773740781776_192.168.223.1_22091
17:56:33:194  INFO 27100 --- [nacos-grpc-client-executor-133] c.a.n.c.remote.client.grpc.GrpcClient    : [1773740781776_192.168.223.1_22091]Ignore complete event,isRunning:false,isAbandon=false
17:56:33:194  INFO 27100 --- [SpringApplicationShutdownHook] c.a.n.c.remote.client.grpc.GrpcClient    : Shutdown grpc executor java.util.concurrent.ThreadPoolExecutor@3c9f1767[Running, pool size = 4, active threads = 0, queued tasks = 0, completed tasks = 134]
17:56:33:199  INFO 27100 --- [SpringApplicationShutdownHook] com.zaxxer.hikari.HikariDataSource       : HikariPool-1 - Shutdown initiated...
17:56:33:229  INFO 27100 --- [SpringApplicationShutdownHook] com.zaxxer.hikari.HikariDataSource       : HikariPool-1 - Shutdown completed.
