11:48:31:991  INFO 21828 --- [main] com.hmall.HMallApplication               : Starting HMallApplication using Java 11.0.30 on feng with PID 21828 (E:\CodeWorkPlace\heimai-heimaShop\hmall\hm-service\target\classes started by 冯宏涛 in E:\CodeWorkPlace\heimai-heimaShop\hmall)
11:48:32:003 DEBUG 21828 --- [main] com.hmall.HMallApplication               : Running with Spring Boot v2.7.12, Spring v5.3.27
11:48:32:004  INFO 21828 --- [main] com.hmall.HMallApplication               : The following 1 profile is active: "local"
11:48:32:729  INFO 21828 --- [main] .s.d.r.c.RepositoryConfigurationDelegate : Multiple Spring Data modules found, entering strict repository configuration mode
11:48:32:730  INFO 21828 --- [main] .s.d.r.c.RepositoryConfigurationDelegate : Bootstrapping Spring Data Redis repositories in DEFAULT mode.
11:48:32:754  INFO 21828 --- [main] .s.d.r.c.RepositoryConfigurationDelegate : Finished Spring Data repository scanning in 11 ms. Found 0 Redis repository interfaces.
11:48:33:156  INFO 21828 --- [main] o.s.b.w.embedded.tomcat.TomcatWebServer  : Tomcat initialized with port(s): 7878 (http)
11:48:33:162  INFO 21828 --- [main] o.apache.catalina.core.StandardService   : Starting service [Tomcat]
11:48:33:162  INFO 21828 --- [main] org.apache.catalina.core.StandardEngine  : Starting Servlet engine: [Apache Tomcat/9.0.75]
11:48:33:262  INFO 21828 --- [main] o.a.c.c.C.[Tomcat].[localhost].[/]       : Initializing Spring embedded WebApplicationContext
11:48:33:263  INFO 21828 --- [main] w.s.c.ServletWebServerApplicationContext : Root WebApplicationContext: initialization completed in 1210 ms
11:48:36:034  INFO 21828 --- [main] pertySourcedRequestMappingHandlerMapping : Mapped URL path [/v2/api-docs] onto method [springfox.documentation.swagger2.web.Swagger2ControllerWebMvc#getDocumentation(String, HttpServletRequest)]
11:48:36:330  INFO 21828 --- [main] o.s.b.w.embedded.tomcat.TomcatWebServer  : Tomcat started on port(s): 7878 (http) with context path ''
11:48:36:331  INFO 21828 --- [main] d.s.w.p.DocumentationPluginsBootstrapper : Documentation plugins bootstrapped
11:48:36:333  INFO 21828 --- [main] d.s.w.p.DocumentationPluginsBootstrapper : Found 1 custom documentation plugin(s)
11:48:36:358  INFO 21828 --- [main] s.d.s.w.s.ApiListingReferenceScanner     : Scanning for api listing references
11:48:36:501  INFO 21828 --- [main] com.hmall.HMallApplication               : Started HMallApplication in 4.867 seconds (JVM running for 6.334)
11:48:40:645  INFO 21828 --- [http-nio-7878-exec-2] o.a.c.c.C.[Tomcat].[localhost].[/]       : Initializing Spring DispatcherServlet 'dispatcherServlet'
11:48:40:646  INFO 21828 --- [http-nio-7878-exec-2] o.s.web.servlet.DispatcherServlet        : Initializing Servlet 'dispatcherServlet'
11:48:40:647  INFO 21828 --- [http-nio-7878-exec-2] o.s.web.servlet.DispatcherServlet        : Completed initialization in 1 ms
11:48:40:679 ERROR 21828 --- [http-nio-7878-exec-2] o.a.c.c.C.[.[.[/].[dispatcherServlet]    : Servlet.service() for servlet [dispatcherServlet] in context with path [] threw exception [Request processing failed; nested exception is com.hmall.common.exception.UnauthorizedException: 未登录] with root cause

com.hmall.common.exception.UnauthorizedException: 未登录
	at com.hmall.utils.JwtTool.parseToken(JwtTool.java:47) ~[classes/:na]
	at com.hmall.interceptor.LoginInterceptor.preHandle(LoginInterceptor.java:21) ~[classes/:na]
	at org.springframework.web.servlet.HandlerExecutionChain.applyPreHandle(HandlerExecutionChain.java:148) ~[spring-webmvc-5.3.27.jar:5.3.27]
	at org.springframework.web.servlet.DispatcherServlet.doDispatch(DispatcherServlet.java:1067) ~[spring-webmvc-5.3.27.jar:5.3.27]
	at org.springframework.web.servlet.DispatcherServlet.doService(DispatcherServlet.java:965) ~[spring-webmvc-5.3.27.jar:5.3.27]
	at org.springframework.web.servlet.FrameworkServlet.processRequest(FrameworkServlet.java:1006) ~[spring-webmvc-5.3.27.jar:5.3.27]
	at org.springframework.web.servlet.FrameworkServlet.doGet(FrameworkServlet.java:898) ~[spring-webmvc-5.3.27.jar:5.3.27]
	at javax.servlet.http.HttpServlet.service(HttpServlet.java:529) ~[tomcat-embed-core-9.0.75.jar:4.0.FR]
	at org.springframework.web.servlet.FrameworkServlet.service(FrameworkServlet.java:883) ~[spring-webmvc-5.3.27.jar:5.3.27]
	at javax.servlet.http.HttpServlet.service(HttpServlet.java:623) ~[tomcat-embed-core-9.0.75.jar:4.0.FR]
	at org.apache.catalina.core.ApplicationFilterChain.internalDoFilter(ApplicationFilterChain.java:209) ~[tomcat-embed-core-9.0.75.jar:9.0.75]
	at org.apache.catalina.core.ApplicationFilterChain.doFilter(ApplicationFilterChain.java:153) ~[tomcat-embed-core-9.0.75.jar:9.0.75]
	at org.apache.tomcat.websocket.server.WsFilter.doFilter(WsFilter.java:51) ~[tomcat-embed-websocket-9.0.75.jar:9.0.75]
	at org.apache.catalina.core.ApplicationFilterChain.internalDoFilter(ApplicationFilterChain.java:178) ~[tomcat-embed-core-9.0.75.jar:9.0.75]
	at org.apache.catalina.core.ApplicationFilterChain.doFilter(ApplicationFilterChain.java:153) ~[tomcat-embed-core-9.0.75.jar:9.0.75]
	at org.springframework.web.filter.RequestContextFilter.doFilterInternal(RequestContextFilter.java:100) ~[spring-web-5.3.27.jar:5.3.27]
	at org.springframework.web.filter.OncePerRequestFilter.doFilter(OncePerRequestFilter.java:117) ~[spring-web-5.3.27.jar:5.3.27]
	at org.apache.catalina.core.ApplicationFilterChain.internalDoFilter(ApplicationFilterChain.java:178) ~[tomcat-embed-core-9.0.75.jar:9.0.75]
	at org.apache.catalina.core.ApplicationFilterChain.doFilter(ApplicationFilterChain.java:153) ~[tomcat-embed-core-9.0.75.jar:9.0.75]
	at org.springframework.web.filter.FormContentFilter.doFilterInternal(FormContentFilter.java:93) ~[spring-web-5.3.27.jar:5.3.27]
	at org.springframework.web.filter.OncePerRequestFilter.doFilter(OncePerRequestFilter.java:117) ~[spring-web-5.3.27.jar:5.3.27]
	at org.apache.catalina.core.ApplicationFilterChain.internalDoFilter(ApplicationFilterChain.java:178) ~[tomcat-embed-core-9.0.75.jar:9.0.75]
	at org.apache.catalina.core.ApplicationFilterChain.doFilter(ApplicationFilterChain.java:153) ~[tomcat-embed-core-9.0.75.jar:9.0.75]
	at org.springframework.web.filter.CharacterEncodingFilter.doFilterInternal(CharacterEncodingFilter.java:201) ~[spring-web-5.3.27.jar:5.3.27]
	at org.springframework.web.filter.OncePerRequestFilter.doFilter(OncePerRequestFilter.java:117) ~[spring-web-5.3.27.jar:5.3.27]
	at org.apache.catalina.core.ApplicationFilterChain.internalDoFilter(ApplicationFilterChain.java:178) ~[tomcat-embed-core-9.0.75.jar:9.0.75]
	at org.apache.catalina.core.ApplicationFilterChain.doFilter(ApplicationFilterChain.java:153) ~[tomcat-embed-core-9.0.75.jar:9.0.75]
	at org.apache.catalina.core.StandardWrapperValve.invoke(StandardWrapperValve.java:167) ~[tomcat-embed-core-9.0.75.jar:9.0.75]
	at org.apache.catalina.core.StandardContextValve.invoke(StandardContextValve.java:90) ~[tomcat-embed-core-9.0.75.jar:9.0.75]
	at org.apache.catalina.authenticator.AuthenticatorBase.invoke(AuthenticatorBase.java:481) ~[tomcat-embed-core-9.0.75.jar:9.0.75]
	at org.apache.catalina.core.StandardHostValve.invoke(StandardHostValve.java:130) ~[tomcat-embed-core-9.0.75.jar:9.0.75]
	at org.apache.catalina.valves.ErrorReportValve.invoke(ErrorReportValve.java:93) ~[tomcat-embed-core-9.0.75.jar:9.0.75]
	at org.apache.catalina.core.StandardEngineValve.invoke(StandardEngineValve.java:74) ~[tomcat-embed-core-9.0.75.jar:9.0.75]
	at org.apache.catalina.connector.CoyoteAdapter.service(CoyoteAdapter.java:343) ~[tomcat-embed-core-9.0.75.jar:9.0.75]
	at org.apache.coyote.http11.Http11Processor.service(Http11Processor.java:390) ~[tomcat-embed-core-9.0.75.jar:9.0.75]
	at org.apache.coyote.AbstractProcessorLight.process(AbstractProcessorLight.java:63) ~[tomcat-embed-core-9.0.75.jar:9.0.75]
	at org.apache.coyote.AbstractProtocol$ConnectionHandler.process(AbstractProtocol.java:926) ~[tomcat-embed-core-9.0.75.jar:9.0.75]
	at org.apache.tomcat.util.net.NioEndpoint$SocketProcessor.doRun(NioEndpoint.java:1791) ~[tomcat-embed-core-9.0.75.jar:9.0.75]
	at org.apache.tomcat.util.net.SocketProcessorBase.run(SocketProcessorBase.java:52) ~[tomcat-embed-core-9.0.75.jar:9.0.75]
	at org.apache.tomcat.util.threads.ThreadPoolExecutor.runWorker(ThreadPoolExecutor.java:1191) ~[tomcat-embed-core-9.0.75.jar:9.0.75]
	at org.apache.tomcat.util.threads.ThreadPoolExecutor$Worker.run(ThreadPoolExecutor.java:659) ~[tomcat-embed-core-9.0.75.jar:9.0.75]
	at org.apache.tomcat.util.threads.TaskThread$WrappingRunnable.run(TaskThread.java:61) ~[tomcat-embed-core-9.0.75.jar:9.0.75]
	at java.base/java.lang.Thread.run(Thread.java:829) ~[na:na]

12:06:25:754  INFO 21828 --- [http-nio-7878-exec-4] com.zaxxer.hikari.HikariDataSource       : HikariPool-1 - Starting...
12:06:25:955  INFO 21828 --- [http-nio-7878-exec-4] com.zaxxer.hikari.HikariDataSource       : HikariPool-1 - Start completed.
12:06:25:960 DEBUG 21828 --- [http-nio-7878-exec-4] com.hmall.mapper.UserMapper.selectList   : ==>  Preparing: SELECT id,username,password,phone,create_time,update_time,status,balance FROM user WHERE (username = ?)
12:06:25:976 DEBUG 21828 --- [http-nio-7878-exec-4] com.hmall.mapper.UserMapper.selectList   : ==> Parameters: jack(String)
12:06:26:010 DEBUG 21828 --- [http-nio-7878-exec-4] com.hmall.mapper.UserMapper.selectList   : <==      Total: 1
12:06:26:286 DEBUG 21828 --- [http-nio-7878-exec-5] com.hmall.mapper.CartMapper.selectList   : ==>  Preparing: SELECT id,user_id,item_id,num,name,spec,price,image,create_time,update_time FROM cart WHERE (user_id = ?)
12:06:26:287 DEBUG 21828 --- [http-nio-7878-exec-5] com.hmall.mapper.CartMapper.selectList   : ==> Parameters: 1(Long)
12:06:26:295 DEBUG 21828 --- [http-nio-7878-exec-5] com.hmall.mapper.CartMapper.selectList   : <==      Total: 1
12:06:26:320 DEBUG 21828 --- [http-nio-7878-exec-5] c.h.mapper.ItemMapper.selectBatchIds     : ==>  Preparing: SELECT id,name,price,stock,image,category,brand,spec,sold,comment_count,isAD,status,create_time,update_time,creater,updater FROM item WHERE id IN ( ? )
12:06:26:320 DEBUG 21828 --- [http-nio-7878-exec-5] c.h.mapper.ItemMapper.selectBatchIds     : ==> Parameters: 14741770661(Long)
12:06:26:328 DEBUG 21828 --- [http-nio-7878-exec-5] c.h.mapper.ItemMapper.selectBatchIds     : <==      Total: 1
12:06:28:304 DEBUG 21828 --- [http-nio-7878-exec-6] com.hmall.mapper.CartMapper.selectList   : ==>  Preparing: SELECT id,user_id,item_id,num,name,spec,price,image,create_time,update_time FROM cart WHERE (user_id = ?)
12:06:28:305 DEBUG 21828 --- [http-nio-7878-exec-6] com.hmall.mapper.CartMapper.selectList   : ==> Parameters: 1(Long)
12:06:28:308 DEBUG 21828 --- [http-nio-7878-exec-6] com.hmall.mapper.CartMapper.selectList   : <==      Total: 1
12:06:28:309 DEBUG 21828 --- [http-nio-7878-exec-6] c.h.mapper.ItemMapper.selectBatchIds     : ==>  Preparing: SELECT id,name,price,stock,image,category,brand,spec,sold,comment_count,isAD,status,create_time,update_time,creater,updater FROM item WHERE id IN ( ? )
12:06:28:310 DEBUG 21828 --- [http-nio-7878-exec-6] c.h.mapper.ItemMapper.selectBatchIds     : ==> Parameters: 14741770661(Long)
12:06:28:312 DEBUG 21828 --- [http-nio-7878-exec-6] c.h.mapper.ItemMapper.selectBatchIds     : <==      Total: 1
12:06:50:343 DEBUG 21828 --- [http-nio-7878-exec-7] com.hmall.mapper.CartMapper.selectList   : ==>  Preparing: SELECT id,user_id,item_id,num,name,spec,price,image,create_time,update_time FROM cart WHERE (user_id = ?)
12:06:50:343 DEBUG 21828 --- [http-nio-7878-exec-7] com.hmall.mapper.CartMapper.selectList   : ==> Parameters: 1(Long)
12:06:50:347 DEBUG 21828 --- [http-nio-7878-exec-7] com.hmall.mapper.CartMapper.selectList   : <==      Total: 1
12:06:50:348 DEBUG 21828 --- [http-nio-7878-exec-7] c.h.mapper.ItemMapper.selectBatchIds     : ==>  Preparing: SELECT id,name,price,stock,image,category,brand,spec,sold,comment_count,isAD,status,create_time,update_time,creater,updater FROM item WHERE id IN ( ? )
12:06:50:349 DEBUG 21828 --- [http-nio-7878-exec-7] c.h.mapper.ItemMapper.selectBatchIds     : ==> Parameters: 14741770661(Long)
12:06:50:351 DEBUG 21828 --- [http-nio-7878-exec-7] c.h.mapper.ItemMapper.selectBatchIds     : <==      Total: 1
12:08:14:761 DEBUG 21828 --- [http-nio-7878-exec-8] com.hmall.mapper.CartMapper.selectList   : ==>  Preparing: SELECT id,user_id,item_id,num,name,spec,price,image,create_time,update_time FROM cart WHERE (user_id = ?)
12:08:14:762 DEBUG 21828 --- [http-nio-7878-exec-8] com.hmall.mapper.CartMapper.selectList   : ==> Parameters: 1(Long)
12:08:14:767 DEBUG 21828 --- [http-nio-7878-exec-8] com.hmall.mapper.CartMapper.selectList   : <==      Total: 1
12:08:14:769 DEBUG 21828 --- [http-nio-7878-exec-8] c.h.mapper.ItemMapper.selectBatchIds     : ==>  Preparing: SELECT id,name,price,stock,image,category,brand,spec,sold,comment_count,isAD,status,create_time,update_time,creater,updater FROM item WHERE id IN ( ? )
12:08:14:770 DEBUG 21828 --- [http-nio-7878-exec-8] c.h.mapper.ItemMapper.selectBatchIds     : ==> Parameters: 14741770661(Long)
12:08:14:773 DEBUG 21828 --- [http-nio-7878-exec-8] c.h.mapper.ItemMapper.selectBatchIds     : <==      Total: 1
13:15:02:886  WARN 21828 --- [HikariPool-1 housekeeper] com.zaxxer.hikari.pool.HikariPool        : HikariPool-1 - Thread starvation or clock leap detected (housekeeper delta=3m6s22ms162µs700ns).
13:41:46:381  INFO 21828 --- [SpringApplicationShutdownHook] com.zaxxer.hikari.HikariDataSource       : HikariPool-1 - Shutdown initiated...
13:41:46:397  INFO 21828 --- [SpringApplicationShutdownHook] com.zaxxer.hikari.HikariDataSource       : HikariPool-1 - Shutdown completed.
