12:42:35:192  INFO 17476 --- [main] com.hmall.user.UserApplication           : Starting UserApplication using Java 11.0.30 on feng with PID 17476 (E:\CodeWorkPlace\heimai-heimaShop\hmall\user-service\target\classes started by 冯宏涛 in E:\CodeWorkPlace\heimai-heimaShop\hmall)
12:42:35:197 DEBUG 17476 --- [main] com.hmall.user.UserApplication           : Running with Spring Boot v2.7.12, Spring v5.3.27
12:42:35:198  INFO 17476 --- [main] com.hmall.user.UserApplication           : The following 1 profile is active: "local"
12:42:36:144  INFO 17476 --- [main] .s.d.r.c.RepositoryConfigurationDelegate : Multiple Spring Data modules found, entering strict repository configuration mode
12:42:36:146  INFO 17476 --- [main] .s.d.r.c.RepositoryConfigurationDelegate : Bootstrapping Spring Data Redis repositories in DEFAULT mode.
12:42:36:166  INFO 17476 --- [main] .s.d.r.c.RepositoryConfigurationDelegate : Finished Spring Data repository scanning in 7 ms. Found 0 Redis repository interfaces.
12:42:36:386  INFO 17476 --- [main] o.s.cloud.context.scope.GenericScope     : BeanFactory id=0ad2f4fd-5699-389f-b9dd-06828623c07b
12:42:36:768  INFO 17476 --- [main] o.s.b.w.embedded.tomcat.TomcatWebServer  : Tomcat initialized with port(s): 8903 (http)
12:42:36:779  INFO 17476 --- [main] o.apache.catalina.core.StandardService   : Starting service [Tomcat]
12:42:36:780  INFO 17476 --- [main] org.apache.catalina.core.StandardEngine  : Starting Servlet engine: [Apache Tomcat/9.0.75]
12:42:36:962  INFO 17476 --- [main] o.a.c.c.C.[Tomcat].[localhost].[/]       : Initializing Spring embedded WebApplicationContext
12:42:36:962  INFO 17476 --- [main] w.s.c.ServletWebServerApplicationContext : Root WebApplicationContext: initialization completed in 1700 ms
12:42:42:613  INFO 17476 --- [main] o.s.cloud.commons.util.InetUtils         : Cannot determine local hostname
12:42:42:636  INFO 17476 --- [main] pertySourcedRequestMappingHandlerMapping : Mapped URL path [/v2/api-docs] onto method [springfox.documentation.swagger2.web.Swagger2ControllerWebMvc#getDocumentation(String, HttpServletRequest)]
12:42:45:381  INFO 17476 --- [main] o.s.cloud.commons.util.InetUtils         : Cannot determine local hostname
12:42:45:542  INFO 17476 --- [main] com.alibaba.nacos.common.remote.client   : [RpcClientFactory] create a new rpc client of 72f54d2c-8d0e-4abe-802c-ea29065a04cf
12:42:45:579  INFO 17476 --- [main] org.reflections.Reflections              : Reflections took 20 ms to scan 1 urls, producing 3 keys and 6 values 
12:42:45:602  INFO 17476 --- [main] org.reflections.Reflections              : Reflections took 10 ms to scan 1 urls, producing 4 keys and 9 values 
12:42:45:622  INFO 17476 --- [main] org.reflections.Reflections              : Reflections took 17 ms to scan 1 urls, producing 3 keys and 10 values 
12:42:45:625  WARN 17476 --- [main] org.reflections.Reflections              : given scan urls are empty. set urls in the configuration
12:42:45:631  INFO 17476 --- [main] org.reflections.Reflections              : Reflections took 6 ms to scan 1 urls, producing 1 keys and 5 values 
12:42:45:642  INFO 17476 --- [main] org.reflections.Reflections              : Reflections took 8 ms to scan 1 urls, producing 1 keys and 7 values 
12:42:45:652  INFO 17476 --- [main] org.reflections.Reflections              : Reflections took 8 ms to scan 1 urls, producing 2 keys and 8 values 
12:42:45:655  WARN 17476 --- [main] org.reflections.Reflections              : given scan urls are empty. set urls in the configuration
12:42:45:656  INFO 17476 --- [main] com.alibaba.nacos.common.remote.client   : [72f54d2c-8d0e-4abe-802c-ea29065a04cf] RpcClient init label, labels = {module=naming, source=sdk}
12:42:45:658  INFO 17476 --- [main] com.alibaba.nacos.common.remote.client   : [72f54d2c-8d0e-4abe-802c-ea29065a04cf] RpcClient init, ServerListFactory = com.alibaba.nacos.client.naming.core.ServerListManager
12:42:45:659  INFO 17476 --- [main] com.alibaba.nacos.common.remote.client   : [72f54d2c-8d0e-4abe-802c-ea29065a04cf] Registry connection listener to current client:com.alibaba.nacos.client.naming.remote.gprc.redo.NamingGrpcRedoService
12:42:45:659  INFO 17476 --- [main] com.alibaba.nacos.common.remote.client   : [72f54d2c-8d0e-4abe-802c-ea29065a04cf] Register server push request handler:com.alibaba.nacos.client.naming.remote.gprc.NamingPushRequestHandler
12:42:45:661  INFO 17476 --- [main] com.alibaba.nacos.common.remote.client   : [72f54d2c-8d0e-4abe-802c-ea29065a04cf] Try to connect to server on start up, server: {serverIp = '192.168.223.129', server main port = 8848}
12:42:49:942  INFO 17476 --- [main] com.alibaba.nacos.common.remote.client   : [72f54d2c-8d0e-4abe-802c-ea29065a04cf] Success to connect to server [192.168.223.129:8848] on start up, connectionId = 1773808969809_192.168.223.1_50135
12:42:49:943  INFO 17476 --- [com.alibaba.nacos.client.remote.worker] com.alibaba.nacos.common.remote.client   : [72f54d2c-8d0e-4abe-802c-ea29065a04cf] Notify connected event to listeners.
12:42:49:944  INFO 17476 --- [main] com.alibaba.nacos.common.remote.client   : [72f54d2c-8d0e-4abe-802c-ea29065a04cf] Register server push request handler:com.alibaba.nacos.common.remote.client.RpcClient$ConnectResetRequestHandler
12:42:49:945  INFO 17476 --- [main] com.alibaba.nacos.common.remote.client   : [72f54d2c-8d0e-4abe-802c-ea29065a04cf] Register server push request handler:com.alibaba.nacos.common.remote.client.RpcClient$$Lambda$1094/0x000000084072c040
12:42:49:994  INFO 17476 --- [main] o.s.b.w.embedded.tomcat.TomcatWebServer  : Tomcat started on port(s): 8903 (http) with context path ''
12:42:50:005  INFO 17476 --- [main] c.a.c.n.registry.NacosServiceRegistry    : nacos registry, DEFAULT_GROUP user-service 192.168.223.1:8903 register finished
12:42:50:544  INFO 17476 --- [nacos-grpc-client-executor-7] com.alibaba.nacos.common.remote.client   : [72f54d2c-8d0e-4abe-802c-ea29065a04cf] Receive server push request, request = NotifySubscriberRequest, requestId = 4
12:42:50:547  INFO 17476 --- [nacos-grpc-client-executor-7] com.alibaba.nacos.common.remote.client   : [72f54d2c-8d0e-4abe-802c-ea29065a04cf] Ack server push request, request = NotifySubscriberRequest, requestId = 4
12:42:52:545  INFO 17476 --- [main] o.s.cloud.commons.util.InetUtils         : Cannot determine local hostname
12:42:52:546  INFO 17476 --- [main] d.s.w.p.DocumentationPluginsBootstrapper : Documentation plugins bootstrapped
12:42:52:551  INFO 17476 --- [main] d.s.w.p.DocumentationPluginsBootstrapper : Found 1 custom documentation plugin(s)
12:42:52:599  INFO 17476 --- [main] s.d.s.w.s.ApiListingReferenceScanner     : Scanning for api listing references
12:42:52:699  INFO 17476 --- [main] com.hmall.user.UserApplication           : Started UserApplication in 21.058 seconds (JVM running for 23.322)
12:43:07:138  INFO 17476 --- [http-nio-8903-exec-3] o.a.c.c.C.[Tomcat].[localhost].[/]       : Initializing Spring DispatcherServlet 'dispatcherServlet'
12:43:07:138  INFO 17476 --- [http-nio-8903-exec-3] o.s.web.servlet.DispatcherServlet        : Initializing Servlet 'dispatcherServlet'
12:43:07:138  INFO 17476 --- [http-nio-8903-exec-3] o.s.web.servlet.DispatcherServlet        : Completed initialization in 0 ms
12:43:07:321  INFO 17476 --- [http-nio-8903-exec-3] com.zaxxer.hikari.HikariDataSource       : HikariPool-1 - Starting...
12:43:07:763  INFO 17476 --- [http-nio-8903-exec-3] com.zaxxer.hikari.HikariDataSource       : HikariPool-1 - Start completed.
12:43:07:771 DEBUG 17476 --- [http-nio-8903-exec-3] c.h.user.mapper.UserMapper.selectList    : ==>  Preparing: SELECT id,username,password,phone,create_time,update_time,status,balance FROM user WHERE (username = ?)
12:43:07:792 DEBUG 17476 --- [http-nio-8903-exec-3] c.h.user.mapper.UserMapper.selectList    : ==> Parameters: jack(String)
12:43:07:923 DEBUG 17476 --- [http-nio-8903-exec-3] c.h.user.mapper.UserMapper.selectList    : <==      Total: 1
13:18:26:285 DEBUG 17476 --- [http-nio-8903-exec-2] c.h.user.mapper.UserMapper.selectList    : ==>  Preparing: SELECT id,username,password,phone,create_time,update_time,status,balance FROM user WHERE (username = ?)
13:18:26:290 DEBUG 17476 --- [http-nio-8903-exec-2] c.h.user.mapper.UserMapper.selectList    : ==> Parameters: jack(String)
13:18:26:305 DEBUG 17476 --- [http-nio-8903-exec-2] c.h.user.mapper.UserMapper.selectList    : <==      Total: 1
14:11:43:178  INFO 17476 --- [com.alibaba.nacos.client.remote.worker] com.alibaba.nacos.common.remote.client   : [72f54d2c-8d0e-4abe-802c-ea29065a04cf] Server healthy check fail, currentConnection = 1773808969809_192.168.223.1_50135
14:11:43:190  INFO 17476 --- [com.alibaba.nacos.client.remote.worker] com.alibaba.nacos.common.remote.client   : [72f54d2c-8d0e-4abe-802c-ea29065a04cf] Try to reconnect to a new server, server is  not appointed, will choose a random server.
14:11:45:556  INFO 17476 --- [com.alibaba.nacos.client.remote.worker] com.alibaba.nacos.common.remote.client   : [72f54d2c-8d0e-4abe-802c-ea29065a04cf] Success to connect a server [192.168.223.129:8848], connectionId = 1773814305598_192.168.223.1_36669
14:11:45:557  INFO 17476 --- [com.alibaba.nacos.client.remote.worker] com.alibaba.nacos.common.remote.client   : [72f54d2c-8d0e-4abe-802c-ea29065a04cf] Abandon prev connection, server is 192.168.223.129:8848, connectionId is 1773808969809_192.168.223.1_50135
14:11:45:557  INFO 17476 --- [com.alibaba.nacos.client.remote.worker] com.alibaba.nacos.common.remote.client   : Close current connection 1773808969809_192.168.223.1_50135
14:11:45:560  INFO 17476 --- [nacos-grpc-client-executor-1097] c.a.n.c.remote.client.grpc.GrpcClient    : [1773808969809_192.168.223.1_50135]Ignore complete event,isRunning:false,isAbandon=true
14:11:45:578  INFO 17476 --- [com.alibaba.nacos.client.remote.worker] com.alibaba.nacos.common.remote.client   : [72f54d2c-8d0e-4abe-802c-ea29065a04cf] Notify disconnected event to listeners
14:11:45:601  INFO 17476 --- [com.alibaba.nacos.client.remote.worker] com.alibaba.nacos.common.remote.client   : [72f54d2c-8d0e-4abe-802c-ea29065a04cf] Notify connected event to listeners.
14:11:48:267  INFO 17476 --- [nacos-grpc-client-executor-1100] com.alibaba.nacos.common.remote.client   : [72f54d2c-8d0e-4abe-802c-ea29065a04cf] Receive server push request, request = NotifySubscriberRequest, requestId = 23
14:11:48:268  INFO 17476 --- [nacos-grpc-client-executor-1100] com.alibaba.nacos.common.remote.client   : [72f54d2c-8d0e-4abe-802c-ea29065a04cf] Ack server push request, request = NotifySubscriberRequest, requestId = 23
15:05:17:452  WARN 17476 --- [Thread-7] c.a.n.common.http.HttpClientBeanHolder   : [HttpClientBeanHolder] Start destroying common HttpClient
15:05:17:452  WARN 17476 --- [Thread-4] c.a.nacos.common.notify.NotifyCenter     : [NotifyCenter] Start destroying Publisher
15:05:17:467  WARN 17476 --- [Thread-4] c.a.nacos.common.notify.NotifyCenter     : [NotifyCenter] Destruction of the end
15:05:17:477  WARN 17476 --- [Thread-7] c.a.n.common.http.HttpClientBeanHolder   : [HttpClientBeanHolder] Destruction of the end
15:05:18:975  INFO 17476 --- [SpringApplicationShutdownHook] c.a.c.n.registry.NacosServiceRegistry    : De-registering from Nacos Server now...
15:05:18:984  INFO 17476 --- [SpringApplicationShutdownHook] c.a.c.n.registry.NacosServiceRegistry    : De-registration finished.
15:05:19:309  INFO 17476 --- [SpringApplicationShutdownHook] com.alibaba.nacos.common.remote.client   : Shutdown rpc client, set status to shutdown
15:05:19:310  INFO 17476 --- [SpringApplicationShutdownHook] com.alibaba.nacos.common.remote.client   : Shutdown client event executor java.util.concurrent.ScheduledThreadPoolExecutor@348a561[Running, pool size = 2, active threads = 2, queued tasks = 0, completed tasks = 0]
15:05:19:310  INFO 17476 --- [SpringApplicationShutdownHook] com.alibaba.nacos.common.remote.client   : Close current connection 1773814305598_192.168.223.1_36669
15:05:19:314  INFO 17476 --- [nacos-grpc-client-executor-1757] c.a.n.c.remote.client.grpc.GrpcClient    : [1773814305598_192.168.223.1_36669]Ignore complete event,isRunning:false,isAbandon=false
15:05:19:319  INFO 17476 --- [SpringApplicationShutdownHook] c.a.n.c.remote.client.grpc.GrpcClient    : Shutdown grpc executor java.util.concurrent.ThreadPoolExecutor@2b17ae67[Running, pool size = 5, active threads = 0, queued tasks = 0, completed tasks = 1758]
15:05:19:337  INFO 17476 --- [SpringApplicationShutdownHook] com.zaxxer.hikari.HikariDataSource       : HikariPool-1 - Shutdown initiated...
15:05:19:378  INFO 17476 --- [SpringApplicationShutdownHook] com.zaxxer.hikari.HikariDataSource       : HikariPool-1 - Shutdown completed.
15:05:30:696  INFO 31724 --- [main] com.hmall.user.UserApplication           : Starting UserApplication using Java 11.0.30 on feng with PID 31724 (E:\CodeWorkPlace\heimai-heimaShop\hmall\user-service\target\classes started by 冯宏涛 in E:\CodeWorkPlace\heimai-heimaShop\hmall)
15:05:30:696 DEBUG 31724 --- [main] com.hmall.user.UserApplication           : Running with Spring Boot v2.7.12, Spring v5.3.27
15:05:30:697  INFO 31724 --- [main] com.hmall.user.UserApplication           : The following 1 profile is active: "local"
15:05:31:843  INFO 31724 --- [main] .s.d.r.c.RepositoryConfigurationDelegate : Multiple Spring Data modules found, entering strict repository configuration mode
15:05:31:846  INFO 31724 --- [main] .s.d.r.c.RepositoryConfigurationDelegate : Bootstrapping Spring Data Redis repositories in DEFAULT mode.
15:05:31:878  INFO 31724 --- [main] .s.d.r.c.RepositoryConfigurationDelegate : Finished Spring Data repository scanning in 11 ms. Found 0 Redis repository interfaces.
15:05:32:121  INFO 31724 --- [main] o.s.cloud.context.scope.GenericScope     : BeanFactory id=0ad2f4fd-5699-389f-b9dd-06828623c07b
15:05:32:477  INFO 31724 --- [main] o.s.b.w.embedded.tomcat.TomcatWebServer  : Tomcat initialized with port(s): 8903 (http)
15:05:32:487  INFO 31724 --- [main] o.apache.catalina.core.StandardService   : Starting service [Tomcat]
15:05:32:487  INFO 31724 --- [main] org.apache.catalina.core.StandardEngine  : Starting Servlet engine: [Apache Tomcat/9.0.75]
15:05:32:613  INFO 31724 --- [main] o.a.c.c.C.[Tomcat].[localhost].[/]       : Initializing Spring embedded WebApplicationContext
15:05:32:614  INFO 31724 --- [main] w.s.c.ServletWebServerApplicationContext : Root WebApplicationContext: initialization completed in 1862 ms
15:05:39:228  INFO 31724 --- [main] o.s.cloud.commons.util.InetUtils         : Cannot determine local hostname
15:05:39:268  INFO 31724 --- [main] pertySourcedRequestMappingHandlerMapping : Mapped URL path [/v2/api-docs] onto method [springfox.documentation.swagger2.web.Swagger2ControllerWebMvc#getDocumentation(String, HttpServletRequest)]
15:05:42:408  INFO 31724 --- [main] o.s.cloud.commons.util.InetUtils         : Cannot determine local hostname
15:05:42:598  INFO 31724 --- [main] com.alibaba.nacos.common.remote.client   : [RpcClientFactory] create a new rpc client of 3b23bf0d-978f-469e-824e-51b22d2259ed
15:05:42:635  INFO 31724 --- [main] org.reflections.Reflections              : Reflections took 18 ms to scan 1 urls, producing 3 keys and 6 values 
15:05:42:656  INFO 31724 --- [main] org.reflections.Reflections              : Reflections took 7 ms to scan 1 urls, producing 4 keys and 9 values 
15:05:42:664  INFO 31724 --- [main] org.reflections.Reflections              : Reflections took 5 ms to scan 1 urls, producing 3 keys and 10 values 
15:05:42:666  WARN 31724 --- [main] org.reflections.Reflections              : given scan urls are empty. set urls in the configuration
15:05:42:673  INFO 31724 --- [main] org.reflections.Reflections              : Reflections took 5 ms to scan 1 urls, producing 1 keys and 5 values 
15:05:42:680  INFO 31724 --- [main] org.reflections.Reflections              : Reflections took 6 ms to scan 1 urls, producing 1 keys and 7 values 
15:05:42:697  INFO 31724 --- [main] org.reflections.Reflections              : Reflections took 14 ms to scan 1 urls, producing 2 keys and 8 values 
15:05:42:700  WARN 31724 --- [main] org.reflections.Reflections              : given scan urls are empty. set urls in the configuration
15:05:42:700  INFO 31724 --- [main] com.alibaba.nacos.common.remote.client   : [3b23bf0d-978f-469e-824e-51b22d2259ed] RpcClient init label, labels = {module=naming, source=sdk}
15:05:42:703  INFO 31724 --- [main] com.alibaba.nacos.common.remote.client   : [3b23bf0d-978f-469e-824e-51b22d2259ed] RpcClient init, ServerListFactory = com.alibaba.nacos.client.naming.core.ServerListManager
15:05:42:703  INFO 31724 --- [main] com.alibaba.nacos.common.remote.client   : [3b23bf0d-978f-469e-824e-51b22d2259ed] Registry connection listener to current client:com.alibaba.nacos.client.naming.remote.gprc.redo.NamingGrpcRedoService
15:05:42:703  INFO 31724 --- [main] com.alibaba.nacos.common.remote.client   : [3b23bf0d-978f-469e-824e-51b22d2259ed] Register server push request handler:com.alibaba.nacos.client.naming.remote.gprc.NamingPushRequestHandler
15:05:42:706  INFO 31724 --- [main] com.alibaba.nacos.common.remote.client   : [3b23bf0d-978f-469e-824e-51b22d2259ed] Try to connect to server on start up, server: {serverIp = '192.168.223.129', server main port = 8848}
15:05:47:878  INFO 31724 --- [main] com.alibaba.nacos.common.remote.client   : [3b23bf0d-978f-469e-824e-51b22d2259ed] Success to connect to server [192.168.223.129:8848] on start up, connectionId = 1773817547898_192.168.223.1_46509
15:05:47:879  INFO 31724 --- [com.alibaba.nacos.client.remote.worker] com.alibaba.nacos.common.remote.client   : [3b23bf0d-978f-469e-824e-51b22d2259ed] Notify connected event to listeners.
15:05:47:880  INFO 31724 --- [main] com.alibaba.nacos.common.remote.client   : [3b23bf0d-978f-469e-824e-51b22d2259ed] Register server push request handler:com.alibaba.nacos.common.remote.client.RpcClient$ConnectResetRequestHandler
15:05:47:880  INFO 31724 --- [main] com.alibaba.nacos.common.remote.client   : [3b23bf0d-978f-469e-824e-51b22d2259ed] Register server push request handler:com.alibaba.nacos.common.remote.client.RpcClient$$Lambda$1094/0x0000000840723c40
15:05:47:935  INFO 31724 --- [main] o.s.b.w.embedded.tomcat.TomcatWebServer  : Tomcat started on port(s): 8903 (http) with context path ''
15:05:47:945  INFO 31724 --- [main] c.a.c.n.registry.NacosServiceRegistry    : nacos registry, DEFAULT_GROUP user-service 192.168.223.1:8903 register finished
15:05:48:490  INFO 31724 --- [nacos-grpc-client-executor-8] com.alibaba.nacos.common.remote.client   : [3b23bf0d-978f-469e-824e-51b22d2259ed] Receive server push request, request = NotifySubscriberRequest, requestId = 38
15:05:48:493  INFO 31724 --- [nacos-grpc-client-executor-8] com.alibaba.nacos.common.remote.client   : [3b23bf0d-978f-469e-824e-51b22d2259ed] Ack server push request, request = NotifySubscriberRequest, requestId = 38
15:05:50:946  INFO 31724 --- [main] o.s.cloud.commons.util.InetUtils         : Cannot determine local hostname
15:05:50:946  INFO 31724 --- [main] d.s.w.p.DocumentationPluginsBootstrapper : Documentation plugins bootstrapped
15:05:50:949  INFO 31724 --- [main] d.s.w.p.DocumentationPluginsBootstrapper : Found 1 custom documentation plugin(s)
15:05:50:972  INFO 31724 --- [main] s.d.s.w.s.ApiListingReferenceScanner     : Scanning for api listing references
15:05:51:077  INFO 31724 --- [main] com.hmall.user.UserApplication           : Started UserApplication in 23.974 seconds (JVM running for 26.028)
15:24:24:229  WARN 31724 --- [Thread-4] c.a.nacos.common.notify.NotifyCenter     : [NotifyCenter] Start destroying Publisher
15:24:24:229  WARN 31724 --- [Thread-7] c.a.n.common.http.HttpClientBeanHolder   : [HttpClientBeanHolder] Start destroying common HttpClient
15:24:24:238  WARN 31724 --- [Thread-4] c.a.nacos.common.notify.NotifyCenter     : [NotifyCenter] Destruction of the end
15:24:24:241  WARN 31724 --- [Thread-7] c.a.n.common.http.HttpClientBeanHolder   : [HttpClientBeanHolder] Destruction of the end
15:24:26:050  INFO 31724 --- [SpringApplicationShutdownHook] c.a.c.n.registry.NacosServiceRegistry    : De-registering from Nacos Server now...
15:24:26:067  INFO 31724 --- [SpringApplicationShutdownHook] c.a.c.n.registry.NacosServiceRegistry    : De-registration finished.
15:24:26:414  INFO 31724 --- [SpringApplicationShutdownHook] com.alibaba.nacos.common.remote.client   : Shutdown rpc client, set status to shutdown
15:24:26:415  INFO 31724 --- [SpringApplicationShutdownHook] com.alibaba.nacos.common.remote.client   : Shutdown client event executor java.util.concurrent.ScheduledThreadPoolExecutor@2f9cf5f1[Running, pool size = 2, active threads = 2, queued tasks = 0, completed tasks = 0]
15:24:26:415  INFO 31724 --- [SpringApplicationShutdownHook] com.alibaba.nacos.common.remote.client   : Close current connection 1773817547898_192.168.223.1_46509
15:24:26:431  INFO 31724 --- [nacos-grpc-client-executor-236] c.a.n.c.remote.client.grpc.GrpcClient    : [1773817547898_192.168.223.1_46509]Ignore complete event,isRunning:false,isAbandon=false
15:24:26:437  INFO 31724 --- [SpringApplicationShutdownHook] c.a.n.c.remote.client.grpc.GrpcClient    : Shutdown grpc executor java.util.concurrent.ThreadPoolExecutor@19a6d33[Running, pool size = 4, active threads = 0, queued tasks = 0, completed tasks = 237]
15:24:40:553  INFO 30612 --- [main] com.hmall.user.UserApplication           : Starting UserApplication using Java 11.0.30 on feng with PID 30612 (E:\CodeWorkPlace\heimai-heimaShop\hmall\user-service\target\classes started by 冯宏涛 in E:\CodeWorkPlace\heimai-heimaShop\hmall)
15:24:40:555 DEBUG 30612 --- [main] com.hmall.user.UserApplication           : Running with Spring Boot v2.7.12, Spring v5.3.27
15:24:40:556  INFO 30612 --- [main] com.hmall.user.UserApplication           : The following 1 profile is active: "local"
15:24:41:886  INFO 30612 --- [main] .s.d.r.c.RepositoryConfigurationDelegate : Multiple Spring Data modules found, entering strict repository configuration mode
15:24:41:888  INFO 30612 --- [main] .s.d.r.c.RepositoryConfigurationDelegate : Bootstrapping Spring Data Redis repositories in DEFAULT mode.
15:24:41:916  INFO 30612 --- [main] .s.d.r.c.RepositoryConfigurationDelegate : Finished Spring Data repository scanning in 9 ms. Found 0 Redis repository interfaces.
15:24:42:256  INFO 30612 --- [main] o.s.cloud.context.scope.GenericScope     : BeanFactory id=0ad2f4fd-5699-389f-b9dd-06828623c07b
15:24:42:729  INFO 30612 --- [main] o.s.b.w.embedded.tomcat.TomcatWebServer  : Tomcat initialized with port(s): 8903 (http)
15:24:42:738  INFO 30612 --- [main] o.apache.catalina.core.StandardService   : Starting service [Tomcat]
15:24:42:739  INFO 30612 --- [main] org.apache.catalina.core.StandardEngine  : Starting Servlet engine: [Apache Tomcat/9.0.75]
15:24:42:911  INFO 30612 --- [main] o.a.c.c.C.[Tomcat].[localhost].[/]       : Initializing Spring embedded WebApplicationContext
15:24:42:911  INFO 30612 --- [main] w.s.c.ServletWebServerApplicationContext : Root WebApplicationContext: initialization completed in 2281 ms
15:24:50:366  INFO 30612 --- [main] o.s.cloud.commons.util.InetUtils         : Cannot determine local hostname
15:24:50:400  INFO 30612 --- [main] pertySourcedRequestMappingHandlerMapping : Mapped URL path [/v2/api-docs] onto method [springfox.documentation.swagger2.web.Swagger2ControllerWebMvc#getDocumentation(String, HttpServletRequest)]
15:24:55:063  INFO 30612 --- [main] o.s.cloud.commons.util.InetUtils         : Cannot determine local hostname
15:24:55:232  INFO 30612 --- [main] com.alibaba.nacos.common.remote.client   : [RpcClientFactory] create a new rpc client of 9d22f51c-c0fb-46a2-acd5-8b5235f46a89
15:24:55:274  INFO 30612 --- [main] org.reflections.Reflections              : Reflections took 24 ms to scan 1 urls, producing 3 keys and 6 values 
15:24:55:298  INFO 30612 --- [main] org.reflections.Reflections              : Reflections took 9 ms to scan 1 urls, producing 4 keys and 9 values 
15:24:55:307  INFO 30612 --- [main] org.reflections.Reflections              : Reflections took 5 ms to scan 1 urls, producing 3 keys and 10 values 
15:24:55:309  WARN 30612 --- [main] org.reflections.Reflections              : given scan urls are empty. set urls in the configuration
15:24:55:315  INFO 30612 --- [main] org.reflections.Reflections              : Reflections took 5 ms to scan 1 urls, producing 1 keys and 5 values 
15:24:55:323  INFO 30612 --- [main] org.reflections.Reflections              : Reflections took 6 ms to scan 1 urls, producing 1 keys and 7 values 
15:24:55:331  INFO 30612 --- [main] org.reflections.Reflections              : Reflections took 6 ms to scan 1 urls, producing 2 keys and 8 values 
15:24:55:333  WARN 30612 --- [main] org.reflections.Reflections              : given scan urls are empty. set urls in the configuration
15:24:55:333  INFO 30612 --- [main] com.alibaba.nacos.common.remote.client   : [9d22f51c-c0fb-46a2-acd5-8b5235f46a89] RpcClient init label, labels = {module=naming, source=sdk}
15:24:55:335  INFO 30612 --- [main] com.alibaba.nacos.common.remote.client   : [9d22f51c-c0fb-46a2-acd5-8b5235f46a89] RpcClient init, ServerListFactory = com.alibaba.nacos.client.naming.core.ServerListManager
15:24:55:335  INFO 30612 --- [main] com.alibaba.nacos.common.remote.client   : [9d22f51c-c0fb-46a2-acd5-8b5235f46a89] Registry connection listener to current client:com.alibaba.nacos.client.naming.remote.gprc.redo.NamingGrpcRedoService
15:24:55:336  INFO 30612 --- [main] com.alibaba.nacos.common.remote.client   : [9d22f51c-c0fb-46a2-acd5-8b5235f46a89] Register server push request handler:com.alibaba.nacos.client.naming.remote.gprc.NamingPushRequestHandler
15:24:55:337  INFO 30612 --- [main] com.alibaba.nacos.common.remote.client   : [9d22f51c-c0fb-46a2-acd5-8b5235f46a89] Try to connect to server on start up, server: {serverIp = '192.168.223.129', server main port = 8848}
15:25:00:626  INFO 30612 --- [main] com.alibaba.nacos.common.remote.client   : [9d22f51c-c0fb-46a2-acd5-8b5235f46a89] Success to connect to server [192.168.223.129:8848] on start up, connectionId = 1773818700671_192.168.223.1_34952
15:25:00:627  INFO 30612 --- [com.alibaba.nacos.client.remote.worker] com.alibaba.nacos.common.remote.client   : [9d22f51c-c0fb-46a2-acd5-8b5235f46a89] Notify connected event to listeners.
15:25:00:628  INFO 30612 --- [main] com.alibaba.nacos.common.remote.client   : [9d22f51c-c0fb-46a2-acd5-8b5235f46a89] Register server push request handler:com.alibaba.nacos.common.remote.client.RpcClient$ConnectResetRequestHandler
15:25:00:629  INFO 30612 --- [main] com.alibaba.nacos.common.remote.client   : [9d22f51c-c0fb-46a2-acd5-8b5235f46a89] Register server push request handler:com.alibaba.nacos.common.remote.client.RpcClient$$Lambda$1094/0x000000084072c040
15:25:00:678  INFO 30612 --- [main] o.s.b.w.embedded.tomcat.TomcatWebServer  : Tomcat started on port(s): 8903 (http) with context path ''
15:25:00:689  INFO 30612 --- [main] c.a.c.n.registry.NacosServiceRegistry    : nacos registry, DEFAULT_GROUP user-service 192.168.223.1:8903 register finished
15:25:01:250  INFO 30612 --- [nacos-grpc-client-executor-9] com.alibaba.nacos.common.remote.client   : [9d22f51c-c0fb-46a2-acd5-8b5235f46a89] Receive server push request, request = NotifySubscriberRequest, requestId = 53
15:25:01:255  INFO 30612 --- [nacos-grpc-client-executor-9] com.alibaba.nacos.common.remote.client   : [9d22f51c-c0fb-46a2-acd5-8b5235f46a89] Ack server push request, request = NotifySubscriberRequest, requestId = 53
15:25:03:548  INFO 30612 --- [main] o.s.cloud.commons.util.InetUtils         : Cannot determine local hostname
15:25:03:548  INFO 30612 --- [main] d.s.w.p.DocumentationPluginsBootstrapper : Documentation plugins bootstrapped
15:25:03:551  INFO 30612 --- [main] d.s.w.p.DocumentationPluginsBootstrapper : Found 1 custom documentation plugin(s)
15:25:03:571  INFO 30612 --- [main] s.d.s.w.s.ApiListingReferenceScanner     : Scanning for api listing references
15:25:03:658  INFO 30612 --- [main] com.hmall.user.UserApplication           : Started UserApplication in 27.444 seconds (JVM running for 30.311)
15:27:16:061  INFO 30612 --- [com.alibaba.nacos.client.remote.worker] com.alibaba.nacos.common.remote.client   : [9d22f51c-c0fb-46a2-acd5-8b5235f46a89] Server healthy check fail, currentConnection = 1773818700671_192.168.223.1_34952
15:27:16:061  INFO 30612 --- [com.alibaba.nacos.client.remote.worker] com.alibaba.nacos.common.remote.client   : [9d22f51c-c0fb-46a2-acd5-8b5235f46a89] Try to reconnect to a new server, server is  not appointed, will choose a random server.
15:27:17:030  INFO 30612 --- [com.alibaba.nacos.client.remote.worker] com.alibaba.nacos.common.remote.client   : [9d22f51c-c0fb-46a2-acd5-8b5235f46a89] Success to connect a server [192.168.223.129:8848], connectionId = 1773818837089_192.168.223.1_37844
15:27:17:031  INFO 30612 --- [com.alibaba.nacos.client.remote.worker] com.alibaba.nacos.common.remote.client   : [9d22f51c-c0fb-46a2-acd5-8b5235f46a89] Abandon prev connection, server is 192.168.223.129:8848, connectionId is 1773818700671_192.168.223.1_34952
15:27:17:032  INFO 30612 --- [com.alibaba.nacos.client.remote.worker] com.alibaba.nacos.common.remote.client   : Close current connection 1773818700671_192.168.223.1_34952
15:27:17:191  INFO 30612 --- [com.alibaba.nacos.client.remote.worker] com.alibaba.nacos.common.remote.client   : [9d22f51c-c0fb-46a2-acd5-8b5235f46a89] Notify disconnected event to listeners
15:27:17:194  INFO 30612 --- [com.alibaba.nacos.client.remote.worker] com.alibaba.nacos.common.remote.client   : [9d22f51c-c0fb-46a2-acd5-8b5235f46a89] Notify connected event to listeners.
15:27:17:204  WARN 30612 --- [nacos-grpc-client-executor-42] c.a.n.c.remote.client.grpc.GrpcClient    : [1773818700671_192.168.223.1_34952]Ignore error event,isRunning:true,isAbandon=true
15:27:20:273  INFO 30612 --- [nacos-grpc-client-executor-45] com.alibaba.nacos.common.remote.client   : [9d22f51c-c0fb-46a2-acd5-8b5235f46a89] Receive server push request, request = NotifySubscriberRequest, requestId = 60
15:27:20:273  INFO 30612 --- [nacos-grpc-client-executor-45] com.alibaba.nacos.common.remote.client   : [9d22f51c-c0fb-46a2-acd5-8b5235f46a89] Ack server push request, request = NotifySubscriberRequest, requestId = 60
15:43:13:665  WARN 30612 --- [Thread-7] c.a.n.common.http.HttpClientBeanHolder   : [HttpClientBeanHolder] Start destroying common HttpClient
15:43:13:665  WARN 30612 --- [Thread-4] c.a.nacos.common.notify.NotifyCenter     : [NotifyCenter] Start destroying Publisher
15:43:13:665  WARN 30612 --- [Thread-4] c.a.nacos.common.notify.NotifyCenter     : [NotifyCenter] Destruction of the end
15:43:13:666  WARN 30612 --- [Thread-7] c.a.n.common.http.HttpClientBeanHolder   : [HttpClientBeanHolder] Destruction of the end
15:43:15:172  INFO 30612 --- [SpringApplicationShutdownHook] c.a.c.n.registry.NacosServiceRegistry    : De-registering from Nacos Server now...
15:43:15:177  INFO 30612 --- [SpringApplicationShutdownHook] c.a.c.n.registry.NacosServiceRegistry    : De-registration finished.
15:43:15:510  INFO 30612 --- [SpringApplicationShutdownHook] com.alibaba.nacos.common.remote.client   : Shutdown rpc client, set status to shutdown
15:43:15:512  INFO 30612 --- [SpringApplicationShutdownHook] com.alibaba.nacos.common.remote.client   : Shutdown client event executor java.util.concurrent.ScheduledThreadPoolExecutor@40d74e0a[Running, pool size = 2, active threads = 2, queued tasks = 0, completed tasks = 0]
15:43:15:512  INFO 30612 --- [SpringApplicationShutdownHook] com.alibaba.nacos.common.remote.client   : Close current connection 1773818837089_192.168.223.1_37844
15:43:15:514  INFO 30612 --- [SpringApplicationShutdownHook] c.a.n.c.remote.client.grpc.GrpcClient    : Shutdown grpc executor java.util.concurrent.ThreadPoolExecutor@296026ba[Running, pool size = 3, active threads = 0, queued tasks = 0, completed tasks = 243]
15:43:23:244  INFO 29364 --- [main] com.hmall.user.UserApplication           : Starting UserApplication using Java 11.0.30 on feng with PID 29364 (E:\CodeWorkPlace\heimai-heimaShop\hmall\user-service\target\classes started by 冯宏涛 in E:\CodeWorkPlace\heimai-heimaShop\hmall)
15:43:23:245 DEBUG 29364 --- [main] com.hmall.user.UserApplication           : Running with Spring Boot v2.7.12, Spring v5.3.27
15:43:23:245  INFO 29364 --- [main] com.hmall.user.UserApplication           : The following 1 profile is active: "local"
15:43:24:316  INFO 29364 --- [main] .s.d.r.c.RepositoryConfigurationDelegate : Multiple Spring Data modules found, entering strict repository configuration mode
15:43:24:319  INFO 29364 --- [main] .s.d.r.c.RepositoryConfigurationDelegate : Bootstrapping Spring Data Redis repositories in DEFAULT mode.
15:43:24:341  INFO 29364 --- [main] .s.d.r.c.RepositoryConfigurationDelegate : Finished Spring Data repository scanning in 8 ms. Found 0 Redis repository interfaces.
15:43:24:540  INFO 29364 --- [main] o.s.cloud.context.scope.GenericScope     : BeanFactory id=0ad2f4fd-5699-389f-b9dd-06828623c07b
15:43:24:899  INFO 29364 --- [main] o.s.b.w.embedded.tomcat.TomcatWebServer  : Tomcat initialized with port(s): 8903 (http)
15:43:24:909  INFO 29364 --- [main] o.apache.catalina.core.StandardService   : Starting service [Tomcat]
15:43:24:909  INFO 29364 --- [main] org.apache.catalina.core.StandardEngine  : Starting Servlet engine: [Apache Tomcat/9.0.75]
15:43:25:051  INFO 29364 --- [main] o.a.c.c.C.[Tomcat].[localhost].[/]       : Initializing Spring embedded WebApplicationContext
15:43:25:051  INFO 29364 --- [main] w.s.c.ServletWebServerApplicationContext : Root WebApplicationContext: initialization completed in 1757 ms
15:43:31:958  INFO 29364 --- [main] o.s.cloud.commons.util.InetUtils         : Cannot determine local hostname
15:43:31:990  INFO 29364 --- [main] pertySourcedRequestMappingHandlerMapping : Mapped URL path [/v2/api-docs] onto method [springfox.documentation.swagger2.web.Swagger2ControllerWebMvc#getDocumentation(String, HttpServletRequest)]
15:43:35:477  INFO 29364 --- [main] o.s.cloud.commons.util.InetUtils         : Cannot determine local hostname
15:43:35:692  INFO 29364 --- [main] com.alibaba.nacos.common.remote.client   : [RpcClientFactory] create a new rpc client of 27c8ae14-db1f-4c9a-b21f-7657b9d375c4
15:43:35:734  INFO 29364 --- [main] org.reflections.Reflections              : Reflections took 21 ms to scan 1 urls, producing 3 keys and 6 values 
15:43:35:761  INFO 29364 --- [main] org.reflections.Reflections              : Reflections took 10 ms to scan 1 urls, producing 4 keys and 9 values 
15:43:35:770  INFO 29364 --- [main] org.reflections.Reflections              : Reflections took 5 ms to scan 1 urls, producing 3 keys and 10 values 
15:43:35:773  WARN 29364 --- [main] org.reflections.Reflections              : given scan urls are empty. set urls in the configuration
15:43:35:779  INFO 29364 --- [main] org.reflections.Reflections              : Reflections took 5 ms to scan 1 urls, producing 1 keys and 5 values 
15:43:35:787  INFO 29364 --- [main] org.reflections.Reflections              : Reflections took 6 ms to scan 1 urls, producing 1 keys and 7 values 
15:43:35:806  INFO 29364 --- [main] org.reflections.Reflections              : Reflections took 5 ms to scan 1 urls, producing 2 keys and 8 values 
15:43:35:808  WARN 29364 --- [main] org.reflections.Reflections              : given scan urls are empty. set urls in the configuration
15:43:35:809  INFO 29364 --- [main] com.alibaba.nacos.common.remote.client   : [27c8ae14-db1f-4c9a-b21f-7657b9d375c4] RpcClient init label, labels = {module=naming, source=sdk}
15:43:35:814  INFO 29364 --- [main] com.alibaba.nacos.common.remote.client   : [27c8ae14-db1f-4c9a-b21f-7657b9d375c4] RpcClient init, ServerListFactory = com.alibaba.nacos.client.naming.core.ServerListManager
15:43:35:814  INFO 29364 --- [main] com.alibaba.nacos.common.remote.client   : [27c8ae14-db1f-4c9a-b21f-7657b9d375c4] Registry connection listener to current client:com.alibaba.nacos.client.naming.remote.gprc.redo.NamingGrpcRedoService
15:43:35:814  INFO 29364 --- [main] com.alibaba.nacos.common.remote.client   : [27c8ae14-db1f-4c9a-b21f-7657b9d375c4] Register server push request handler:com.alibaba.nacos.client.naming.remote.gprc.NamingPushRequestHandler
15:43:35:816  INFO 29364 --- [main] com.alibaba.nacos.common.remote.client   : [27c8ae14-db1f-4c9a-b21f-7657b9d375c4] Try to connect to server on start up, server: {serverIp = '192.168.223.129', server main port = 8848}
15:43:41:411 ERROR 29364 --- [main] c.a.n.c.remote.client.grpc.GrpcClient    : Server check fail, please check server 192.168.223.129 ,port 9848 is available , error ={}

java.util.concurrent.TimeoutException: Waited 3000 milliseconds (plus 627700 nanoseconds delay) for com.alibaba.nacos.shaded.io.grpc.stub.ClientCalls$GrpcFuture@4ed5492c[status=PENDING, info=[GrpcFuture{clientCall={delegate={delegate=ClientCallImpl{method=MethodDescriptor{fullMethodName=Request/request, type=UNARY, idempotent=false, safe=false, sampledToLocalTracing=true, requestMarshaller=com.alibaba.nacos.shaded.io.grpc.protobuf.lite.ProtoLiteUtils$MessageMarshaller@797ee1a9, responseMarshaller=com.alibaba.nacos.shaded.io.grpc.protobuf.lite.ProtoLiteUtils$MessageMarshaller@5f190cfe, schemaDescriptor=com.alibaba.nacos.api.grpc.auto.RequestGrpc$RequestMethodDescriptorSupplier@585672dd}}}}}]]
	at com.alibaba.nacos.shaded.com.google.common.util.concurrent.AbstractFuture.get(AbstractFuture.java:508) ~[nacos-client-2.0.4.jar:na]
	at com.alibaba.nacos.common.remote.client.grpc.GrpcClient.serverCheck(GrpcClient.java:148) ~[nacos-client-2.0.4.jar:na]
	at com.alibaba.nacos.common.remote.client.grpc.GrpcClient.connectToServer(GrpcClient.java:264) ~[nacos-client-2.0.4.jar:na]
	at com.alibaba.nacos.common.remote.client.RpcClient.start(RpcClient.java:390) ~[nacos-client-2.0.4.jar:na]
	at com.alibaba.nacos.client.naming.remote.gprc.NamingGrpcClientProxy.start(NamingGrpcClientProxy.java:96) ~[nacos-client-2.0.4.jar:na]
	at com.alibaba.nacos.client.naming.remote.gprc.NamingGrpcClientProxy.<init>(NamingGrpcClientProxy.java:89) ~[nacos-client-2.0.4.jar:na]
	at com.alibaba.nacos.client.naming.remote.NamingClientProxyDelegate.<init>(NamingClientProxyDelegate.java:76) ~[nacos-client-2.0.4.jar:na]
	at com.alibaba.nacos.client.naming.NacosNamingService.init(NacosNamingService.java:95) ~[nacos-client-2.0.4.jar:na]
	at com.alibaba.nacos.client.naming.NacosNamingService.<init>(NacosNamingService.java:81) ~[nacos-client-2.0.4.jar:na]
	at java.base/jdk.internal.reflect.NativeConstructorAccessorImpl.newInstance0(Native Method) ~[na:na]
	at java.base/jdk.internal.reflect.NativeConstructorAccessorImpl.newInstance(NativeConstructorAccessorImpl.java:62) ~[na:na]
	at java.base/jdk.internal.reflect.DelegatingConstructorAccessorImpl.newInstance(DelegatingConstructorAccessorImpl.java:45) ~[na:na]
	at java.base/java.lang.reflect.Constructor.newInstance(Constructor.java:490) ~[na:na]
	at com.alibaba.nacos.api.naming.NamingFactory.createNamingService(NamingFactory.java:59) ~[nacos-client-2.0.4.jar:na]
	at com.alibaba.nacos.api.NacosFactory.createNamingService(NacosFactory.java:77) ~[nacos-client-2.0.4.jar:na]
	at com.alibaba.cloud.nacos.NacosServiceManager.createNewNamingService(NacosServiceManager.java:99) ~[spring-cloud-starter-alibaba-nacos-discovery-2021.0.4.0.jar:2021.0.4.0]
	at com.alibaba.cloud.nacos.NacosServiceManager.buildNamingService(NacosServiceManager.java:90) ~[spring-cloud-starter-alibaba-nacos-discovery-2021.0.4.0.jar:2021.0.4.0]
	at com.alibaba.cloud.nacos.NacosServiceManager.getNamingService(NacosServiceManager.java:46) ~[spring-cloud-starter-alibaba-nacos-discovery-2021.0.4.0.jar:2021.0.4.0]
	at com.alibaba.cloud.nacos.discovery.NacosWatch.start(NacosWatch.java:130) ~[spring-cloud-starter-alibaba-nacos-discovery-2021.0.4.0.jar:2021.0.4.0]
	at org.springframework.context.support.DefaultLifecycleProcessor.doStart(DefaultLifecycleProcessor.java:178) ~[spring-context-5.3.27.jar:5.3.27]
	at org.springframework.context.support.DefaultLifecycleProcessor.access$200(DefaultLifecycleProcessor.java:54) ~[spring-context-5.3.27.jar:5.3.27]
	at org.springframework.context.support.DefaultLifecycleProcessor$LifecycleGroup.start(DefaultLifecycleProcessor.java:356) ~[spring-context-5.3.27.jar:5.3.27]
	at java.base/java.lang.Iterable.forEach(Iterable.java:75) ~[na:na]
	at org.springframework.context.support.DefaultLifecycleProcessor.startBeans(DefaultLifecycleProcessor.java:155) ~[spring-context-5.3.27.jar:5.3.27]
	at org.springframework.context.support.DefaultLifecycleProcessor.onRefresh(DefaultLifecycleProcessor.java:123) ~[spring-context-5.3.27.jar:5.3.27]
	at org.springframework.context.support.AbstractApplicationContext.finishRefresh(AbstractApplicationContext.java:937) ~[spring-context-5.3.27.jar:5.3.27]
	at org.springframework.context.support.AbstractApplicationContext.refresh(AbstractApplicationContext.java:586) ~[spring-context-5.3.27.jar:5.3.27]
	at org.springframework.boot.web.servlet.context.ServletWebServerApplicationContext.refresh(ServletWebServerApplicationContext.java:147) ~[spring-boot-2.7.12.jar:2.7.12]
	at org.springframework.boot.SpringApplication.refresh(SpringApplication.java:731) ~[spring-boot-2.7.12.jar:2.7.12]
	at org.springframework.boot.SpringApplication.refreshContext(SpringApplication.java:408) ~[spring-boot-2.7.12.jar:2.7.12]
	at org.springframework.boot.SpringApplication.run(SpringApplication.java:307) ~[spring-boot-2.7.12.jar:2.7.12]
	at org.springframework.boot.SpringApplication.run(SpringApplication.java:1303) ~[spring-boot-2.7.12.jar:2.7.12]
	at org.springframework.boot.SpringApplication.run(SpringApplication.java:1292) ~[spring-boot-2.7.12.jar:2.7.12]
	at com.hmall.user.UserApplication.main(UserApplication.java:18) ~[classes/:na]

15:43:41:418  INFO 29364 --- [main] com.alibaba.nacos.common.remote.client   : [27c8ae14-db1f-4c9a-b21f-7657b9d375c4] Try to connect to server on start up, server: {serverIp = '192.168.223.129', server main port = 8848}
15:43:41:850  INFO 29364 --- [main] com.alibaba.nacos.common.remote.client   : [27c8ae14-db1f-4c9a-b21f-7657b9d375c4] Success to connect to server [192.168.223.129:8848] on start up, connectionId = 1773819821910_192.168.223.1_29609
15:43:41:851  INFO 29364 --- [com.alibaba.nacos.client.remote.worker] com.alibaba.nacos.common.remote.client   : [27c8ae14-db1f-4c9a-b21f-7657b9d375c4] Notify connected event to listeners.
15:43:41:852  INFO 29364 --- [main] com.alibaba.nacos.common.remote.client   : [27c8ae14-db1f-4c9a-b21f-7657b9d375c4] Register server push request handler:com.alibaba.nacos.common.remote.client.RpcClient$ConnectResetRequestHandler
15:43:41:853  INFO 29364 --- [main] com.alibaba.nacos.common.remote.client   : [27c8ae14-db1f-4c9a-b21f-7657b9d375c4] Register server push request handler:com.alibaba.nacos.common.remote.client.RpcClient$$Lambda$1094/0x0000000840723c40
15:43:41:906  INFO 29364 --- [main] o.s.b.w.embedded.tomcat.TomcatWebServer  : Tomcat started on port(s): 8903 (http) with context path ''
15:43:41:916  INFO 29364 --- [main] c.a.c.n.registry.NacosServiceRegistry    : nacos registry, DEFAULT_GROUP user-service 192.168.223.1:8903 register finished
15:43:42:423  INFO 29364 --- [nacos-grpc-client-executor-7] com.alibaba.nacos.common.remote.client   : [27c8ae14-db1f-4c9a-b21f-7657b9d375c4] Receive server push request, request = NotifySubscriberRequest, requestId = 62
15:43:42:428  INFO 29364 --- [nacos-grpc-client-executor-7] com.alibaba.nacos.common.remote.client   : [27c8ae14-db1f-4c9a-b21f-7657b9d375c4] Ack server push request, request = NotifySubscriberRequest, requestId = 62
15:43:44:916  INFO 29364 --- [main] o.s.cloud.commons.util.InetUtils         : Cannot determine local hostname
15:43:44:917  INFO 29364 --- [main] d.s.w.p.DocumentationPluginsBootstrapper : Documentation plugins bootstrapped
15:43:44:919  INFO 29364 --- [main] d.s.w.p.DocumentationPluginsBootstrapper : Found 1 custom documentation plugin(s)
15:43:44:941  INFO 29364 --- [main] s.d.s.w.s.ApiListingReferenceScanner     : Scanning for api listing references
15:43:45:042  INFO 29364 --- [main] com.hmall.user.UserApplication           : Started UserApplication in 25.23 seconds (JVM running for 27.24)
15:46:17:034  INFO 29364 --- [http-nio-8903-exec-2] o.a.c.c.C.[Tomcat].[localhost].[/]       : Initializing Spring DispatcherServlet 'dispatcherServlet'
15:46:17:034  INFO 29364 --- [http-nio-8903-exec-2] o.s.web.servlet.DispatcherServlet        : Initializing Servlet 'dispatcherServlet'
15:46:17:034  INFO 29364 --- [http-nio-8903-exec-2] o.s.web.servlet.DispatcherServlet        : Completed initialization in 0 ms
15:46:17:216  INFO 29364 --- [http-nio-8903-exec-2] com.zaxxer.hikari.HikariDataSource       : HikariPool-1 - Starting...
15:46:17:548  INFO 29364 --- [http-nio-8903-exec-2] com.zaxxer.hikari.HikariDataSource       : HikariPool-1 - Start completed.
15:46:17:556 DEBUG 29364 --- [http-nio-8903-exec-2] c.h.user.mapper.UserMapper.selectList    : ==>  Preparing: SELECT id,username,password,phone,create_time,update_time,status,balance FROM user WHERE (username = ?)
15:46:17:573 DEBUG 29364 --- [http-nio-8903-exec-2] c.h.user.mapper.UserMapper.selectList    : ==> Parameters: jack(String)
15:46:17:625 DEBUG 29364 --- [http-nio-8903-exec-2] c.h.user.mapper.UserMapper.selectList    : <==      Total: 1
15:46:18:039 DEBUG 29364 --- [http-nio-8903-exec-1] c.h.u.mapper.AddressMapper.selectList    : ==>  Preparing: SELECT id,user_id,province,city,town,mobile,street,contact,is_default,notes FROM address WHERE (user_id = ?)
15:46:18:040 DEBUG 29364 --- [http-nio-8903-exec-1] c.h.u.mapper.AddressMapper.selectList    : ==> Parameters: 1(Long)
15:46:18:095 DEBUG 29364 --- [http-nio-8903-exec-1] c.h.u.mapper.AddressMapper.selectList    : <==      Total: 4
16:29:06:496  INFO 29364 --- [com.alibaba.nacos.client.remote.worker] com.alibaba.nacos.common.remote.client   : [27c8ae14-db1f-4c9a-b21f-7657b9d375c4] Server healthy check fail, currentConnection = 1773819821910_192.168.223.1_29609
16:29:06:502  INFO 29364 --- [com.alibaba.nacos.client.remote.worker] com.alibaba.nacos.common.remote.client   : [27c8ae14-db1f-4c9a-b21f-7657b9d375c4] Try to reconnect to a new server, server is  not appointed, will choose a random server.
16:29:09:515 ERROR 29364 --- [com.alibaba.nacos.client.remote.worker] c.a.n.c.remote.client.grpc.GrpcClient    : Server check fail, please check server 192.168.223.129 ,port 9848 is available , error ={}

java.util.concurrent.TimeoutException: Waited 3000 milliseconds (plus 882600 nanoseconds delay) for com.alibaba.nacos.shaded.io.grpc.stub.ClientCalls$GrpcFuture@35cdcda[status=PENDING, info=[GrpcFuture{clientCall={delegate={delegate=ClientCallImpl{method=MethodDescriptor{fullMethodName=Request/request, type=UNARY, idempotent=false, safe=false, sampledToLocalTracing=true, requestMarshaller=com.alibaba.nacos.shaded.io.grpc.protobuf.lite.ProtoLiteUtils$MessageMarshaller@797ee1a9, responseMarshaller=com.alibaba.nacos.shaded.io.grpc.protobuf.lite.ProtoLiteUtils$MessageMarshaller@5f190cfe, schemaDescriptor=com.alibaba.nacos.api.grpc.auto.RequestGrpc$RequestMethodDescriptorSupplier@585672dd}}}}}]]
	at com.alibaba.nacos.shaded.com.google.common.util.concurrent.AbstractFuture.get(AbstractFuture.java:508) ~[nacos-client-2.0.4.jar:na]
	at com.alibaba.nacos.common.remote.client.grpc.GrpcClient.serverCheck(GrpcClient.java:148) ~[nacos-client-2.0.4.jar:na]
	at com.alibaba.nacos.common.remote.client.grpc.GrpcClient.connectToServer(GrpcClient.java:264) ~[nacos-client-2.0.4.jar:na]
	at com.alibaba.nacos.common.remote.client.RpcClient.reconnect(RpcClient.java:522) ~[nacos-client-2.0.4.jar:na]
	at com.alibaba.nacos.common.remote.client.RpcClient.lambda$start$2(RpcClient.java:370) ~[nacos-client-2.0.4.jar:na]
	at java.base/java.util.concurrent.Executors$RunnableAdapter.call(Executors.java:515) ~[na:na]
	at java.base/java.util.concurrent.FutureTask.run$$$capture(FutureTask.java:264) ~[na:na]
	at java.base/java.util.concurrent.FutureTask.run(FutureTask.java) ~[na:na]
	at java.base/java.util.concurrent.ScheduledThreadPoolExecutor$ScheduledFutureTask.run(ScheduledThreadPoolExecutor.java:304) ~[na:na]
	at java.base/java.util.concurrent.ThreadPoolExecutor.runWorker(ThreadPoolExecutor.java:1128) ~[na:na]
	at java.base/java.util.concurrent.ThreadPoolExecutor$Worker.run(ThreadPoolExecutor.java:628) ~[na:na]
	at java.base/java.lang.Thread.run(Thread.java:829) ~[na:na]

16:29:09:760  INFO 29364 --- [com.alibaba.nacos.client.remote.worker] com.alibaba.nacos.common.remote.client   : [27c8ae14-db1f-4c9a-b21f-7657b9d375c4] Success to connect a server [192.168.223.129:8848], connectionId = 1773822549927_192.168.223.1_48587
16:29:09:760  INFO 29364 --- [com.alibaba.nacos.client.remote.worker] com.alibaba.nacos.common.remote.client   : [27c8ae14-db1f-4c9a-b21f-7657b9d375c4] Abandon prev connection, server is 192.168.223.129:8848, connectionId is 1773819821910_192.168.223.1_29609
16:29:09:760  INFO 29364 --- [com.alibaba.nacos.client.remote.worker] com.alibaba.nacos.common.remote.client   : Close current connection 1773819821910_192.168.223.1_29609
16:29:09:760  INFO 29364 --- [com.alibaba.nacos.client.remote.worker] com.alibaba.nacos.common.remote.client   : [27c8ae14-db1f-4c9a-b21f-7657b9d375c4] Notify disconnected event to listeners
16:29:09:765  INFO 29364 --- [com.alibaba.nacos.client.remote.worker] com.alibaba.nacos.common.remote.client   : [27c8ae14-db1f-4c9a-b21f-7657b9d375c4] Notify connected event to listeners.
16:29:09:771  WARN 29364 --- [nacos-grpc-client-executor-568] c.a.n.c.remote.client.grpc.GrpcClient    : [1773819821910_192.168.223.1_29609]Ignore error event,isRunning:true,isAbandon=true
16:29:13:203  INFO 29364 --- [nacos-grpc-client-executor-572] com.alibaba.nacos.common.remote.client   : [27c8ae14-db1f-4c9a-b21f-7657b9d375c4] Receive server push request, request = NotifySubscriberRequest, requestId = 81
16:29:13:203  INFO 29364 --- [nacos-grpc-client-executor-572] com.alibaba.nacos.common.remote.client   : [27c8ae14-db1f-4c9a-b21f-7657b9d375c4] Ack server push request, request = NotifySubscriberRequest, requestId = 81
16:32:08:256  INFO 29364 --- [com.alibaba.nacos.client.remote.worker] com.alibaba.nacos.common.remote.client   : [27c8ae14-db1f-4c9a-b21f-7657b9d375c4] Server healthy check fail, currentConnection = 1773822549927_192.168.223.1_48587
16:32:08:257  INFO 29364 --- [com.alibaba.nacos.client.remote.worker] com.alibaba.nacos.common.remote.client   : [27c8ae14-db1f-4c9a-b21f-7657b9d375c4] Try to reconnect to a new server, server is  not appointed, will choose a random server.
16:32:11:266 ERROR 29364 --- [com.alibaba.nacos.client.remote.worker] c.a.n.c.remote.client.grpc.GrpcClient    : Server check fail, please check server 192.168.223.129 ,port 9848 is available , error ={}

java.util.concurrent.TimeoutException: Waited 3000 milliseconds (plus 7 milliseconds, 608300 nanoseconds delay) for com.alibaba.nacos.shaded.io.grpc.stub.ClientCalls$GrpcFuture@572efda9[status=PENDING, info=[GrpcFuture{clientCall={delegate={delegate=ClientCallImpl{method=MethodDescriptor{fullMethodName=Request/request, type=UNARY, idempotent=false, safe=false, sampledToLocalTracing=true, requestMarshaller=com.alibaba.nacos.shaded.io.grpc.protobuf.lite.ProtoLiteUtils$MessageMarshaller@797ee1a9, responseMarshaller=com.alibaba.nacos.shaded.io.grpc.protobuf.lite.ProtoLiteUtils$MessageMarshaller@5f190cfe, schemaDescriptor=com.alibaba.nacos.api.grpc.auto.RequestGrpc$RequestMethodDescriptorSupplier@585672dd}}}}}]]
	at com.alibaba.nacos.shaded.com.google.common.util.concurrent.AbstractFuture.get(AbstractFuture.java:508) ~[nacos-client-2.0.4.jar:na]
	at com.alibaba.nacos.common.remote.client.grpc.GrpcClient.serverCheck(GrpcClient.java:148) ~[nacos-client-2.0.4.jar:na]
	at com.alibaba.nacos.common.remote.client.grpc.GrpcClient.connectToServer(GrpcClient.java:264) ~[nacos-client-2.0.4.jar:na]
	at com.alibaba.nacos.common.remote.client.RpcClient.reconnect(RpcClient.java:522) ~[nacos-client-2.0.4.jar:na]
	at com.alibaba.nacos.common.remote.client.RpcClient.lambda$start$2(RpcClient.java:370) ~[nacos-client-2.0.4.jar:na]
	at java.base/java.util.concurrent.Executors$RunnableAdapter.call(Executors.java:515) ~[na:na]
	at java.base/java.util.concurrent.FutureTask.run$$$capture(FutureTask.java:264) ~[na:na]
	at java.base/java.util.concurrent.FutureTask.run(FutureTask.java) ~[na:na]
	at java.base/java.util.concurrent.ScheduledThreadPoolExecutor$ScheduledFutureTask.run(ScheduledThreadPoolExecutor.java:304) ~[na:na]
	at java.base/java.util.concurrent.ThreadPoolExecutor.runWorker(ThreadPoolExecutor.java:1128) ~[na:na]
	at java.base/java.util.concurrent.ThreadPoolExecutor$Worker.run(ThreadPoolExecutor.java:628) ~[na:na]
	at java.base/java.lang.Thread.run(Thread.java:829) ~[na:na]

16:32:14:377 ERROR 29364 --- [com.alibaba.nacos.client.remote.worker] c.a.n.c.remote.client.grpc.GrpcClient    : Server check fail, please check server 192.168.223.129 ,port 9848 is available , error ={}

java.util.concurrent.TimeoutException: Waited 3000 milliseconds (plus 133500 nanoseconds delay) for com.alibaba.nacos.shaded.io.grpc.stub.ClientCalls$GrpcFuture@13a57f7c[status=PENDING, info=[GrpcFuture{clientCall={delegate={delegate=ClientCallImpl{method=MethodDescriptor{fullMethodName=Request/request, type=UNARY, idempotent=false, safe=false, sampledToLocalTracing=true, requestMarshaller=com.alibaba.nacos.shaded.io.grpc.protobuf.lite.ProtoLiteUtils$MessageMarshaller@797ee1a9, responseMarshaller=com.alibaba.nacos.shaded.io.grpc.protobuf.lite.ProtoLiteUtils$MessageMarshaller@5f190cfe, schemaDescriptor=com.alibaba.nacos.api.grpc.auto.RequestGrpc$RequestMethodDescriptorSupplier@585672dd}}}}}]]
	at com.alibaba.nacos.shaded.com.google.common.util.concurrent.AbstractFuture.get(AbstractFuture.java:508) ~[nacos-client-2.0.4.jar:na]
	at com.alibaba.nacos.common.remote.client.grpc.GrpcClient.serverCheck(GrpcClient.java:148) ~[nacos-client-2.0.4.jar:na]
	at com.alibaba.nacos.common.remote.client.grpc.GrpcClient.connectToServer(GrpcClient.java:264) ~[nacos-client-2.0.4.jar:na]
	at com.alibaba.nacos.common.remote.client.RpcClient.reconnect(RpcClient.java:522) ~[nacos-client-2.0.4.jar:na]
	at com.alibaba.nacos.common.remote.client.RpcClient.lambda$start$2(RpcClient.java:370) ~[nacos-client-2.0.4.jar:na]
	at java.base/java.util.concurrent.Executors$RunnableAdapter.call(Executors.java:515) ~[na:na]
	at java.base/java.util.concurrent.FutureTask.run$$$capture(FutureTask.java:264) ~[na:na]
	at java.base/java.util.concurrent.FutureTask.run(FutureTask.java) ~[na:na]
	at java.base/java.util.concurrent.ScheduledThreadPoolExecutor$ScheduledFutureTask.run(ScheduledThreadPoolExecutor.java:304) ~[na:na]
	at java.base/java.util.concurrent.ThreadPoolExecutor.runWorker(ThreadPoolExecutor.java:1128) ~[na:na]
	at java.base/java.util.concurrent.ThreadPoolExecutor$Worker.run(ThreadPoolExecutor.java:628) ~[na:na]
	at java.base/java.lang.Thread.run(Thread.java:829) ~[na:na]

16:32:14:379  INFO 29364 --- [com.alibaba.nacos.client.remote.worker] com.alibaba.nacos.common.remote.client   : [27c8ae14-db1f-4c9a-b21f-7657b9d375c4] Fail to connect server, after trying 1 times, last try server is {serverIp = '192.168.223.129', server main port = 8848}, error = unknown
16:32:17:598 ERROR 29364 --- [com.alibaba.nacos.client.remote.worker] c.a.n.c.remote.client.grpc.GrpcClient    : Server check fail, please check server 192.168.223.129 ,port 9848 is available , error ={}

java.util.concurrent.TimeoutException: Waited 3000 milliseconds (plus 2 milliseconds, 304800 nanoseconds delay) for com.alibaba.nacos.shaded.io.grpc.stub.ClientCalls$GrpcFuture@7929815f[status=PENDING, info=[GrpcFuture{clientCall={delegate={delegate=ClientCallImpl{method=MethodDescriptor{fullMethodName=Request/request, type=UNARY, idempotent=false, safe=false, sampledToLocalTracing=true, requestMarshaller=com.alibaba.nacos.shaded.io.grpc.protobuf.lite.ProtoLiteUtils$MessageMarshaller@797ee1a9, responseMarshaller=com.alibaba.nacos.shaded.io.grpc.protobuf.lite.ProtoLiteUtils$MessageMarshaller@5f190cfe, schemaDescriptor=com.alibaba.nacos.api.grpc.auto.RequestGrpc$RequestMethodDescriptorSupplier@585672dd}}}}}]]
	at com.alibaba.nacos.shaded.com.google.common.util.concurrent.AbstractFuture.get(AbstractFuture.java:508) ~[nacos-client-2.0.4.jar:na]
	at com.alibaba.nacos.common.remote.client.grpc.GrpcClient.serverCheck(GrpcClient.java:148) ~[nacos-client-2.0.4.jar:na]
	at com.alibaba.nacos.common.remote.client.grpc.GrpcClient.connectToServer(GrpcClient.java:264) ~[nacos-client-2.0.4.jar:na]
	at com.alibaba.nacos.common.remote.client.RpcClient.reconnect(RpcClient.java:522) ~[nacos-client-2.0.4.jar:na]
	at com.alibaba.nacos.common.remote.client.RpcClient.lambda$start$2(RpcClient.java:370) ~[nacos-client-2.0.4.jar:na]
	at java.base/java.util.concurrent.Executors$RunnableAdapter.call(Executors.java:515) ~[na:na]
	at java.base/java.util.concurrent.FutureTask.run$$$capture(FutureTask.java:264) ~[na:na]
	at java.base/java.util.concurrent.FutureTask.run(FutureTask.java) ~[na:na]
	at java.base/java.util.concurrent.ScheduledThreadPoolExecutor$ScheduledFutureTask.run(ScheduledThreadPoolExecutor.java:304) ~[na:na]
	at java.base/java.util.concurrent.ThreadPoolExecutor.runWorker(ThreadPoolExecutor.java:1128) ~[na:na]
	at java.base/java.util.concurrent.ThreadPoolExecutor$Worker.run(ThreadPoolExecutor.java:628) ~[na:na]
	at java.base/java.lang.Thread.run(Thread.java:829) ~[na:na]

16:32:17:599  INFO 29364 --- [com.alibaba.nacos.client.remote.worker] com.alibaba.nacos.common.remote.client   : [27c8ae14-db1f-4c9a-b21f-7657b9d375c4] Fail to connect server, after trying 2 times, last try server is {serverIp = '192.168.223.129', server main port = 8848}, error = unknown
16:32:20:924 ERROR 29364 --- [com.alibaba.nacos.client.remote.worker] c.a.n.c.remote.client.grpc.GrpcClient    : Server check fail, please check server 192.168.223.129 ,port 9848 is available , error ={}

java.util.concurrent.TimeoutException: Waited 3000 milliseconds (plus 15 milliseconds, 241000 nanoseconds delay) for com.alibaba.nacos.shaded.io.grpc.stub.ClientCalls$GrpcFuture@5abf2ebe[status=PENDING, info=[GrpcFuture{clientCall={delegate={delegate=ClientCallImpl{method=MethodDescriptor{fullMethodName=Request/request, type=UNARY, idempotent=false, safe=false, sampledToLocalTracing=true, requestMarshaller=com.alibaba.nacos.shaded.io.grpc.protobuf.lite.ProtoLiteUtils$MessageMarshaller@797ee1a9, responseMarshaller=com.alibaba.nacos.shaded.io.grpc.protobuf.lite.ProtoLiteUtils$MessageMarshaller@5f190cfe, schemaDescriptor=com.alibaba.nacos.api.grpc.auto.RequestGrpc$RequestMethodDescriptorSupplier@585672dd}}}}}]]
	at com.alibaba.nacos.shaded.com.google.common.util.concurrent.AbstractFuture.get(AbstractFuture.java:508) ~[nacos-client-2.0.4.jar:na]
	at com.alibaba.nacos.common.remote.client.grpc.GrpcClient.serverCheck(GrpcClient.java:148) ~[nacos-client-2.0.4.jar:na]
	at com.alibaba.nacos.common.remote.client.grpc.GrpcClient.connectToServer(GrpcClient.java:264) ~[nacos-client-2.0.4.jar:na]
	at com.alibaba.nacos.common.remote.client.RpcClient.reconnect(RpcClient.java:522) ~[nacos-client-2.0.4.jar:na]
	at com.alibaba.nacos.common.remote.client.RpcClient.lambda$start$2(RpcClient.java:370) ~[nacos-client-2.0.4.jar:na]
	at java.base/java.util.concurrent.Executors$RunnableAdapter.call(Executors.java:515) ~[na:na]
	at java.base/java.util.concurrent.FutureTask.run$$$capture(FutureTask.java:264) ~[na:na]
	at java.base/java.util.concurrent.FutureTask.run(FutureTask.java) ~[na:na]
	at java.base/java.util.concurrent.ScheduledThreadPoolExecutor$ScheduledFutureTask.run(ScheduledThreadPoolExecutor.java:304) ~[na:na]
	at java.base/java.util.concurrent.ThreadPoolExecutor.runWorker(ThreadPoolExecutor.java:1128) ~[na:na]
	at java.base/java.util.concurrent.ThreadPoolExecutor$Worker.run(ThreadPoolExecutor.java:628) ~[na:na]
	at java.base/java.lang.Thread.run(Thread.java:829) ~[na:na]

16:32:20:926  INFO 29364 --- [com.alibaba.nacos.client.remote.worker] com.alibaba.nacos.common.remote.client   : [27c8ae14-db1f-4c9a-b21f-7657b9d375c4] Fail to connect server, after trying 3 times, last try server is {serverIp = '192.168.223.129', server main port = 8848}, error = unknown
16:32:24:334 ERROR 29364 --- [com.alibaba.nacos.client.remote.worker] c.a.n.c.remote.client.grpc.GrpcClient    : Server check fail, please check server 192.168.223.129 ,port 9848 is available , error ={}

java.util.concurrent.TimeoutException: Waited 3000 milliseconds (plus 4 milliseconds, 199100 nanoseconds delay) for com.alibaba.nacos.shaded.io.grpc.stub.ClientCalls$GrpcFuture@710b4cb5[status=PENDING, info=[GrpcFuture{clientCall={delegate={delegate=ClientCallImpl{method=MethodDescriptor{fullMethodName=Request/request, type=UNARY, idempotent=false, safe=false, sampledToLocalTracing=true, requestMarshaller=com.alibaba.nacos.shaded.io.grpc.protobuf.lite.ProtoLiteUtils$MessageMarshaller@797ee1a9, responseMarshaller=com.alibaba.nacos.shaded.io.grpc.protobuf.lite.ProtoLiteUtils$MessageMarshaller@5f190cfe, schemaDescriptor=com.alibaba.nacos.api.grpc.auto.RequestGrpc$RequestMethodDescriptorSupplier@585672dd}}}}}]]
	at com.alibaba.nacos.shaded.com.google.common.util.concurrent.AbstractFuture.get(AbstractFuture.java:508) ~[nacos-client-2.0.4.jar:na]
	at com.alibaba.nacos.common.remote.client.grpc.GrpcClient.serverCheck(GrpcClient.java:148) ~[nacos-client-2.0.4.jar:na]
	at com.alibaba.nacos.common.remote.client.grpc.GrpcClient.connectToServer(GrpcClient.java:264) ~[nacos-client-2.0.4.jar:na]
	at com.alibaba.nacos.common.remote.client.RpcClient.reconnect(RpcClient.java:522) ~[nacos-client-2.0.4.jar:na]
	at com.alibaba.nacos.common.remote.client.RpcClient.lambda$start$2(RpcClient.java:370) ~[nacos-client-2.0.4.jar:na]
	at java.base/java.util.concurrent.Executors$RunnableAdapter.call(Executors.java:515) ~[na:na]
	at java.base/java.util.concurrent.FutureTask.run$$$capture(FutureTask.java:264) ~[na:na]
	at java.base/java.util.concurrent.FutureTask.run(FutureTask.java) ~[na:na]
	at java.base/java.util.concurrent.ScheduledThreadPoolExecutor$ScheduledFutureTask.run(ScheduledThreadPoolExecutor.java:304) ~[na:na]
	at java.base/java.util.concurrent.ThreadPoolExecutor.runWorker(ThreadPoolExecutor.java:1128) ~[na:na]
	at java.base/java.util.concurrent.ThreadPoolExecutor$Worker.run(ThreadPoolExecutor.java:628) ~[na:na]
	at java.base/java.lang.Thread.run(Thread.java:829) ~[na:na]

16:32:24:335  INFO 29364 --- [com.alibaba.nacos.client.remote.worker] com.alibaba.nacos.common.remote.client   : [27c8ae14-db1f-4c9a-b21f-7657b9d375c4] Fail to connect server, after trying 4 times, last try server is {serverIp = '192.168.223.129', server main port = 8848}, error = unknown
16:32:24:427  WARN 29364 --- [nacos-grpc-client-executor-613] c.a.n.c.remote.client.grpc.GrpcClient    : [1773822549927_192.168.223.1_48587]Ignore error event,isRunning:false,isAbandon=false
16:32:27:862 ERROR 29364 --- [com.alibaba.nacos.client.remote.worker] c.a.n.c.remote.client.grpc.GrpcClient    : Server check fail, please check server 192.168.223.129 ,port 9848 is available , error ={}

java.util.concurrent.TimeoutException: Waited 3000 milliseconds (plus 12 milliseconds, 765100 nanoseconds delay) for com.alibaba.nacos.shaded.io.grpc.stub.ClientCalls$GrpcFuture@67577f1d[status=PENDING, info=[GrpcFuture{clientCall={delegate={delegate=ClientCallImpl{method=MethodDescriptor{fullMethodName=Request/request, type=UNARY, idempotent=false, safe=false, sampledToLocalTracing=true, requestMarshaller=com.alibaba.nacos.shaded.io.grpc.protobuf.lite.ProtoLiteUtils$MessageMarshaller@797ee1a9, responseMarshaller=com.alibaba.nacos.shaded.io.grpc.protobuf.lite.ProtoLiteUtils$MessageMarshaller@5f190cfe, schemaDescriptor=com.alibaba.nacos.api.grpc.auto.RequestGrpc$RequestMethodDescriptorSupplier@585672dd}}}}}]]
	at com.alibaba.nacos.shaded.com.google.common.util.concurrent.AbstractFuture.get(AbstractFuture.java:508) ~[nacos-client-2.0.4.jar:na]
	at com.alibaba.nacos.common.remote.client.grpc.GrpcClient.serverCheck(GrpcClient.java:148) ~[nacos-client-2.0.4.jar:na]
	at com.alibaba.nacos.common.remote.client.grpc.GrpcClient.connectToServer(GrpcClient.java:264) ~[nacos-client-2.0.4.jar:na]
	at com.alibaba.nacos.common.remote.client.RpcClient.reconnect(RpcClient.java:522) ~[nacos-client-2.0.4.jar:na]
	at com.alibaba.nacos.common.remote.client.RpcClient.lambda$start$2(RpcClient.java:370) ~[nacos-client-2.0.4.jar:na]
	at java.base/java.util.concurrent.Executors$RunnableAdapter.call(Executors.java:515) ~[na:na]
	at java.base/java.util.concurrent.FutureTask.run$$$capture(FutureTask.java:264) ~[na:na]
	at java.base/java.util.concurrent.FutureTask.run(FutureTask.java) ~[na:na]
	at java.base/java.util.concurrent.ScheduledThreadPoolExecutor$ScheduledFutureTask.run(ScheduledThreadPoolExecutor.java:304) ~[na:na]
	at java.base/java.util.concurrent.ThreadPoolExecutor.runWorker(ThreadPoolExecutor.java:1128) ~[na:na]
	at java.base/java.util.concurrent.ThreadPoolExecutor$Worker.run(ThreadPoolExecutor.java:628) ~[na:na]
	at java.base/java.lang.Thread.run(Thread.java:829) ~[na:na]

16:32:27:863  INFO 29364 --- [com.alibaba.nacos.client.remote.worker] com.alibaba.nacos.common.remote.client   : [27c8ae14-db1f-4c9a-b21f-7657b9d375c4] Fail to connect server, after trying 5 times, last try server is {serverIp = '192.168.223.129', server main port = 8848}, error = unknown
16:32:31:481 ERROR 29364 --- [com.alibaba.nacos.client.remote.worker] c.a.n.c.remote.client.grpc.GrpcClient    : Server check fail, please check server 192.168.223.129 ,port 9848 is available , error ={}

java.util.concurrent.TimeoutException: Waited 3000 milliseconds (plus 11 milliseconds, 222100 nanoseconds delay) for com.alibaba.nacos.shaded.io.grpc.stub.ClientCalls$GrpcFuture@6845ecf4[status=PENDING, info=[GrpcFuture{clientCall={delegate={delegate=ClientCallImpl{method=MethodDescriptor{fullMethodName=Request/request, type=UNARY, idempotent=false, safe=false, sampledToLocalTracing=true, requestMarshaller=com.alibaba.nacos.shaded.io.grpc.protobuf.lite.ProtoLiteUtils$MessageMarshaller@797ee1a9, responseMarshaller=com.alibaba.nacos.shaded.io.grpc.protobuf.lite.ProtoLiteUtils$MessageMarshaller@5f190cfe, schemaDescriptor=com.alibaba.nacos.api.grpc.auto.RequestGrpc$RequestMethodDescriptorSupplier@585672dd}}}}}]]
	at com.alibaba.nacos.shaded.com.google.common.util.concurrent.AbstractFuture.get(AbstractFuture.java:508) ~[nacos-client-2.0.4.jar:na]
	at com.alibaba.nacos.common.remote.client.grpc.GrpcClient.serverCheck(GrpcClient.java:148) ~[nacos-client-2.0.4.jar:na]
	at com.alibaba.nacos.common.remote.client.grpc.GrpcClient.connectToServer(GrpcClient.java:264) ~[nacos-client-2.0.4.jar:na]
	at com.alibaba.nacos.common.remote.client.RpcClient.reconnect(RpcClient.java:522) ~[nacos-client-2.0.4.jar:na]
	at com.alibaba.nacos.common.remote.client.RpcClient.lambda$start$2(RpcClient.java:370) ~[nacos-client-2.0.4.jar:na]
	at java.base/java.util.concurrent.Executors$RunnableAdapter.call(Executors.java:515) ~[na:na]
	at java.base/java.util.concurrent.FutureTask.run$$$capture(FutureTask.java:264) ~[na:na]
	at java.base/java.util.concurrent.FutureTask.run(FutureTask.java) ~[na:na]
	at java.base/java.util.concurrent.ScheduledThreadPoolExecutor$ScheduledFutureTask.run(ScheduledThreadPoolExecutor.java:304) ~[na:na]
	at java.base/java.util.concurrent.ThreadPoolExecutor.runWorker(ThreadPoolExecutor.java:1128) ~[na:na]
	at java.base/java.util.concurrent.ThreadPoolExecutor$Worker.run(ThreadPoolExecutor.java:628) ~[na:na]
	at java.base/java.lang.Thread.run(Thread.java:829) ~[na:na]

16:32:31:483  INFO 29364 --- [com.alibaba.nacos.client.remote.worker] com.alibaba.nacos.common.remote.client   : [27c8ae14-db1f-4c9a-b21f-7657b9d375c4] Fail to connect server, after trying 6 times, last try server is {serverIp = '192.168.223.129', server main port = 8848}, error = unknown
16:32:35:204 ERROR 29364 --- [com.alibaba.nacos.client.remote.worker] c.a.n.c.remote.client.grpc.GrpcClient    : Server check fail, please check server 192.168.223.129 ,port 9848 is available , error ={}

java.util.concurrent.TimeoutException: Waited 3000 milliseconds (plus 4 milliseconds, 726500 nanoseconds delay) for com.alibaba.nacos.shaded.io.grpc.stub.ClientCalls$GrpcFuture@31bc2917[status=PENDING, info=[GrpcFuture{clientCall={delegate={delegate=ClientCallImpl{method=MethodDescriptor{fullMethodName=Request/request, type=UNARY, idempotent=false, safe=false, sampledToLocalTracing=true, requestMarshaller=com.alibaba.nacos.shaded.io.grpc.protobuf.lite.ProtoLiteUtils$MessageMarshaller@797ee1a9, responseMarshaller=com.alibaba.nacos.shaded.io.grpc.protobuf.lite.ProtoLiteUtils$MessageMarshaller@5f190cfe, schemaDescriptor=com.alibaba.nacos.api.grpc.auto.RequestGrpc$RequestMethodDescriptorSupplier@585672dd}}}}}]]
	at com.alibaba.nacos.shaded.com.google.common.util.concurrent.AbstractFuture.get(AbstractFuture.java:508) ~[nacos-client-2.0.4.jar:na]
	at com.alibaba.nacos.common.remote.client.grpc.GrpcClient.serverCheck(GrpcClient.java:148) ~[nacos-client-2.0.4.jar:na]
	at com.alibaba.nacos.common.remote.client.grpc.GrpcClient.connectToServer(GrpcClient.java:264) ~[nacos-client-2.0.4.jar:na]
	at com.alibaba.nacos.common.remote.client.RpcClient.reconnect(RpcClient.java:522) ~[nacos-client-2.0.4.jar:na]
	at com.alibaba.nacos.common.remote.client.RpcClient.lambda$start$2(RpcClient.java:370) ~[nacos-client-2.0.4.jar:na]
	at java.base/java.util.concurrent.Executors$RunnableAdapter.call(Executors.java:515) ~[na:na]
	at java.base/java.util.concurrent.FutureTask.run$$$capture(FutureTask.java:264) ~[na:na]
	at java.base/java.util.concurrent.FutureTask.run(FutureTask.java) ~[na:na]
	at java.base/java.util.concurrent.ScheduledThreadPoolExecutor$ScheduledFutureTask.run(ScheduledThreadPoolExecutor.java:304) ~[na:na]
	at java.base/java.util.concurrent.ThreadPoolExecutor.runWorker(ThreadPoolExecutor.java:1128) ~[na:na]
	at java.base/java.util.concurrent.ThreadPoolExecutor$Worker.run(ThreadPoolExecutor.java:628) ~[na:na]
	at java.base/java.lang.Thread.run(Thread.java:829) ~[na:na]

16:32:35:206  INFO 29364 --- [com.alibaba.nacos.client.remote.worker] com.alibaba.nacos.common.remote.client   : [27c8ae14-db1f-4c9a-b21f-7657b9d375c4] Fail to connect server, after trying 7 times, last try server is {serverIp = '192.168.223.129', server main port = 8848}, error = unknown
16:32:39:022 ERROR 29364 --- [com.alibaba.nacos.client.remote.worker] c.a.n.c.remote.client.grpc.GrpcClient    : Server check fail, please check server 192.168.223.129 ,port 9848 is available , error ={}

java.util.concurrent.TimeoutException: Waited 3000 milliseconds (plus 4 milliseconds, 786700 nanoseconds delay) for com.alibaba.nacos.shaded.io.grpc.stub.ClientCalls$GrpcFuture@9f50d55[status=PENDING, info=[GrpcFuture{clientCall={delegate={delegate=ClientCallImpl{method=MethodDescriptor{fullMethodName=Request/request, type=UNARY, idempotent=false, safe=false, sampledToLocalTracing=true, requestMarshaller=com.alibaba.nacos.shaded.io.grpc.protobuf.lite.ProtoLiteUtils$MessageMarshaller@797ee1a9, responseMarshaller=com.alibaba.nacos.shaded.io.grpc.protobuf.lite.ProtoLiteUtils$MessageMarshaller@5f190cfe, schemaDescriptor=com.alibaba.nacos.api.grpc.auto.RequestGrpc$RequestMethodDescriptorSupplier@585672dd}}}}}]]
	at com.alibaba.nacos.shaded.com.google.common.util.concurrent.AbstractFuture.get(AbstractFuture.java:508) ~[nacos-client-2.0.4.jar:na]
	at com.alibaba.nacos.common.remote.client.grpc.GrpcClient.serverCheck(GrpcClient.java:148) ~[nacos-client-2.0.4.jar:na]
	at com.alibaba.nacos.common.remote.client.grpc.GrpcClient.connectToServer(GrpcClient.java:264) ~[nacos-client-2.0.4.jar:na]
	at com.alibaba.nacos.common.remote.client.RpcClient.reconnect(RpcClient.java:522) ~[nacos-client-2.0.4.jar:na]
	at com.alibaba.nacos.common.remote.client.RpcClient.lambda$start$2(RpcClient.java:370) ~[nacos-client-2.0.4.jar:na]
	at java.base/java.util.concurrent.Executors$RunnableAdapter.call(Executors.java:515) ~[na:na]
	at java.base/java.util.concurrent.FutureTask.run$$$capture(FutureTask.java:264) ~[na:na]
	at java.base/java.util.concurrent.FutureTask.run(FutureTask.java) ~[na:na]
	at java.base/java.util.concurrent.ScheduledThreadPoolExecutor$ScheduledFutureTask.run(ScheduledThreadPoolExecutor.java:304) ~[na:na]
	at java.base/java.util.concurrent.ThreadPoolExecutor.runWorker(ThreadPoolExecutor.java:1128) ~[na:na]
	at java.base/java.util.concurrent.ThreadPoolExecutor$Worker.run(ThreadPoolExecutor.java:628) ~[na:na]
	at java.base/java.lang.Thread.run(Thread.java:829) ~[na:na]

16:32:39:023  INFO 29364 --- [com.alibaba.nacos.client.remote.worker] com.alibaba.nacos.common.remote.client   : [27c8ae14-db1f-4c9a-b21f-7657b9d375c4] Fail to connect server, after trying 8 times, last try server is {serverIp = '192.168.223.129', server main port = 8848}, error = unknown
16:32:39:469  WARN 29364 --- [Thread-7] c.a.n.common.http.HttpClientBeanHolder   : [HttpClientBeanHolder] Start destroying common HttpClient
16:32:39:469  WARN 29364 --- [Thread-4] c.a.nacos.common.notify.NotifyCenter     : [NotifyCenter] Start destroying Publisher
16:32:39:469  WARN 29364 --- [Thread-4] c.a.nacos.common.notify.NotifyCenter     : [NotifyCenter] Destruction of the end
16:32:39:470  WARN 29364 --- [Thread-7] c.a.n.common.http.HttpClientBeanHolder   : [HttpClientBeanHolder] Destruction of the end
16:32:40:777 ERROR 29364 --- [SpringApplicationShutdownHook] com.alibaba.nacos.common.remote.client   : Send request fail, request = SubscribeServiceRequest{headers={app=unknown}, requestId='null'}, retryTimes = 0, errorMessage = Client not connected, current status:UNHEALTHY
16:32:40:887 ERROR 29364 --- [SpringApplicationShutdownHook] com.alibaba.nacos.common.remote.client   : Send request fail, request = SubscribeServiceRequest{headers={app=unknown}, requestId='null'}, retryTimes = 1, errorMessage = Client not connected, current status:UNHEALTHY
16:32:40:993 ERROR 29364 --- [SpringApplicationShutdownHook] com.alibaba.nacos.common.remote.client   : Send request fail, request = SubscribeServiceRequest{headers={app=unknown}, requestId='null'}, retryTimes = 2, errorMessage = Client not connected, current status:UNHEALTHY
16:32:40:994 ERROR 29364 --- [SpringApplicationShutdownHook] c.a.cloud.nacos.discovery.NacosWatch     : namingService unsubscribe failed, properties:NacosDiscoveryProperties{serverAddr='192.168.223.129:8848', username='', password='', endpoint='', namespace='', watchDelay=30000, logName='', service='user-service', weight=1.0, clusterName='DEFAULT', group='DEFAULT_GROUP', namingLoadCacheAtStart='false', metadata={preserved.register.source=SPRING_CLOUD}, registerEnabled=true, ip='192.168.223.1', networkInterface='', port=8903, secure=false, accessKey='', secretKey='', heartBeatInterval=null, heartBeatTimeout=null, ipDeleteTimeout=null, instanceEnabled=true, ephemeral=true, failureToleranceEnabled=false}, ipDeleteTimeout=null, failFast=true}

com.alibaba.nacos.api.exception.NacosException: Request nacos server failed: 
	at com.alibaba.nacos.client.naming.remote.gprc.NamingGrpcClientProxy.requestToServer(NamingGrpcClientProxy.java:290) ~[nacos-client-2.0.4.jar:na]
	at com.alibaba.nacos.client.naming.remote.gprc.NamingGrpcClientProxy.doUnsubscribe(NamingGrpcClientProxy.java:260) ~[nacos-client-2.0.4.jar:na]
	at com.alibaba.nacos.client.naming.remote.gprc.NamingGrpcClientProxy.unsubscribe(NamingGrpcClientProxy.java:241) ~[nacos-client-2.0.4.jar:na]
	at com.alibaba.nacos.client.naming.remote.NamingClientProxyDelegate.unsubscribe(NamingClientProxyDelegate.java:157) ~[nacos-client-2.0.4.jar:na]
	at com.alibaba.nacos.client.naming.NacosNamingService.unsubscribe(NacosNamingService.java:417) ~[nacos-client-2.0.4.jar:na]
	at com.alibaba.cloud.nacos.discovery.NacosWatch.stop(NacosWatch.java:174) ~[spring-cloud-starter-alibaba-nacos-discovery-2021.0.4.0.jar:2021.0.4.0]
	at com.alibaba.cloud.nacos.discovery.NacosWatch.stop(NacosWatch.java:107) ~[spring-cloud-starter-alibaba-nacos-discovery-2021.0.4.0.jar:2021.0.4.0]
	at org.springframework.context.support.DefaultLifecycleProcessor.doStop(DefaultLifecycleProcessor.java:234) ~[spring-context-5.3.27.jar:5.3.27]
	at org.springframework.context.support.DefaultLifecycleProcessor.access$300(DefaultLifecycleProcessor.java:54) ~[spring-context-5.3.27.jar:5.3.27]
	at org.springframework.context.support.DefaultLifecycleProcessor$LifecycleGroup.stop(DefaultLifecycleProcessor.java:373) ~[spring-context-5.3.27.jar:5.3.27]
	at org.springframework.context.support.DefaultLifecycleProcessor.stopBeans(DefaultLifecycleProcessor.java:206) ~[spring-context-5.3.27.jar:5.3.27]
	at org.springframework.context.support.DefaultLifecycleProcessor.onClose(DefaultLifecycleProcessor.java:129) ~[spring-context-5.3.27.jar:5.3.27]
	at org.springframework.context.support.AbstractApplicationContext.doClose(AbstractApplicationContext.java:1069) ~[spring-context-5.3.27.jar:5.3.27]
	at org.springframework.boot.web.servlet.context.ServletWebServerApplicationContext.doClose(ServletWebServerApplicationContext.java:174) ~[spring-boot-2.7.12.jar:2.7.12]
	at org.springframework.context.support.AbstractApplicationContext.close(AbstractApplicationContext.java:1023) ~[spring-context-5.3.27.jar:5.3.27]
	at org.springframework.boot.SpringApplicationShutdownHook.closeAndWait(SpringApplicationShutdownHook.java:145) ~[spring-boot-2.7.12.jar:2.7.12]
	at java.base/java.lang.Iterable.forEach(Iterable.java:75) ~[na:na]
	at org.springframework.boot.SpringApplicationShutdownHook.run(SpringApplicationShutdownHook.java:114) ~[spring-boot-2.7.12.jar:2.7.12]
	at java.base/java.lang.Thread.run(Thread.java:829) ~[na:na]
Caused by: com.alibaba.nacos.api.exception.NacosException: Client not connected, current status:UNHEALTHY
	at com.alibaba.nacos.common.remote.client.RpcClient.request(RpcClient.java:650) ~[nacos-client-2.0.4.jar:na]
	at com.alibaba.nacos.common.remote.client.RpcClient.request(RpcClient.java:630) ~[nacos-client-2.0.4.jar:na]
	at com.alibaba.nacos.client.naming.remote.gprc.NamingGrpcClientProxy.requestToServer(NamingGrpcClientProxy.java:280) ~[nacos-client-2.0.4.jar:na]
	... 18 common frames omitted

16:32:41:038  INFO 29364 --- [SpringApplicationShutdownHook] c.a.c.n.registry.NacosServiceRegistry    : De-registering from Nacos Server now...
16:32:41:154 ERROR 29364 --- [SpringApplicationShutdownHook] com.alibaba.nacos.common.remote.client   : Send request fail, request = InstanceRequest{headers={app=unknown}, requestId='null'}, retryTimes = 0, errorMessage = Client not connected, current status:UNHEALTHY
16:32:41:262 ERROR 29364 --- [SpringApplicationShutdownHook] com.alibaba.nacos.common.remote.client   : Send request fail, request = InstanceRequest{headers={app=unknown}, requestId='null'}, retryTimes = 1, errorMessage = Client not connected, current status:UNHEALTHY
16:32:41:371 ERROR 29364 --- [SpringApplicationShutdownHook] com.alibaba.nacos.common.remote.client   : Send request fail, request = InstanceRequest{headers={app=unknown}, requestId='null'}, retryTimes = 2, errorMessage = Client not connected, current status:UNHEALTHY
16:32:41:373 ERROR 29364 --- [SpringApplicationShutdownHook] c.a.c.n.registry.NacosServiceRegistry    : ERR_NACOS_DEREGISTER, de-register failed...NacosRegistration{nacosDiscoveryProperties=NacosDiscoveryProperties{serverAddr='192.168.223.129:8848', username='', password='', endpoint='', namespace='', watchDelay=30000, logName='', service='user-service', weight=1.0, clusterName='DEFAULT', group='DEFAULT_GROUP', namingLoadCacheAtStart='false', metadata={preserved.register.source=SPRING_CLOUD}, registerEnabled=true, ip='192.168.223.1', networkInterface='', port=8903, secure=false, accessKey='', secretKey='', heartBeatInterval=null, heartBeatTimeout=null, ipDeleteTimeout=null, instanceEnabled=true, ephemeral=true, failureToleranceEnabled=false}, ipDeleteTimeout=null, failFast=true}},

com.alibaba.nacos.api.exception.NacosException: Request nacos server failed: 
	at com.alibaba.nacos.client.naming.remote.gprc.NamingGrpcClientProxy.requestToServer(NamingGrpcClientProxy.java:290) ~[nacos-client-2.0.4.jar:na]
	at com.alibaba.nacos.client.naming.remote.gprc.NamingGrpcClientProxy.doDeregisterService(NamingGrpcClientProxy.java:153) ~[nacos-client-2.0.4.jar:na]
	at com.alibaba.nacos.client.naming.remote.gprc.NamingGrpcClientProxy.deregisterService(NamingGrpcClientProxy.java:139) ~[nacos-client-2.0.4.jar:na]
	at com.alibaba.nacos.client.naming.remote.NamingClientProxyDelegate.deregisterService(NamingClientProxyDelegate.java:99) ~[nacos-client-2.0.4.jar:na]
	at com.alibaba.nacos.client.naming.NacosNamingService.deregisterInstance(NacosNamingService.java:180) ~[nacos-client-2.0.4.jar:na]
	at com.alibaba.nacos.client.naming.NacosNamingService.deregisterInstance(NacosNamingService.java:170) ~[nacos-client-2.0.4.jar:na]
	at com.alibaba.cloud.nacos.registry.NacosServiceRegistry.deregister(NacosServiceRegistry.java:106) ~[spring-cloud-starter-alibaba-nacos-discovery-2021.0.4.0.jar:2021.0.4.0]
	at org.springframework.cloud.client.serviceregistry.AbstractAutoServiceRegistration.deregister(AbstractAutoServiceRegistration.java:249) ~[spring-cloud-commons-3.1.3.jar:3.1.3]
	at org.springframework.cloud.client.serviceregistry.AbstractAutoServiceRegistration.stop(AbstractAutoServiceRegistration.java:264) ~[spring-cloud-commons-3.1.3.jar:3.1.3]
	at org.springframework.cloud.client.serviceregistry.AbstractAutoServiceRegistration.destroy(AbstractAutoServiceRegistration.java:201) ~[spring-cloud-commons-3.1.3.jar:3.1.3]
	at java.base/jdk.internal.reflect.NativeMethodAccessorImpl.invoke0(Native Method) ~[na:na]
	at java.base/jdk.internal.reflect.NativeMethodAccessorImpl.invoke(NativeMethodAccessorImpl.java:62) ~[na:na]
	at java.base/jdk.internal.reflect.DelegatingMethodAccessorImpl.invoke(DelegatingMethodAccessorImpl.java:43) ~[na:na]
	at java.base/java.lang.reflect.Method.invoke(Method.java:566) ~[na:na]
	at org.springframework.beans.factory.annotation.InitDestroyAnnotationBeanPostProcessor$LifecycleElement.invoke(InitDestroyAnnotationBeanPostProcessor.java:389) ~[spring-beans-5.3.27.jar:5.3.27]
	at org.springframework.beans.factory.annotation.InitDestroyAnnotationBeanPostProcessor$LifecycleMetadata.invokeDestroyMethods(InitDestroyAnnotationBeanPostProcessor.java:347) ~[spring-beans-5.3.27.jar:5.3.27]
	at org.springframework.beans.factory.annotation.InitDestroyAnnotationBeanPostProcessor.postProcessBeforeDestruction(InitDestroyAnnotationBeanPostProcessor.java:177) ~[spring-beans-5.3.27.jar:5.3.27]
	at org.springframework.beans.factory.support.DisposableBeanAdapter.destroy(DisposableBeanAdapter.java:197) ~[spring-beans-5.3.27.jar:5.3.27]
	at org.springframework.beans.factory.support.DefaultSingletonBeanRegistry.destroyBean(DefaultSingletonBeanRegistry.java:587) ~[spring-beans-5.3.27.jar:5.3.27]
	at org.springframework.beans.factory.support.DefaultSingletonBeanRegistry.destroySingleton(DefaultSingletonBeanRegistry.java:559) ~[spring-beans-5.3.27.jar:5.3.27]
	at org.springframework.beans.factory.support.DefaultListableBeanFactory.destroySingleton(DefaultListableBeanFactory.java:1163) ~[spring-beans-5.3.27.jar:5.3.27]
	at org.springframework.beans.factory.support.DefaultSingletonBeanRegistry.destroySingletons(DefaultSingletonBeanRegistry.java:520) ~[spring-beans-5.3.27.jar:5.3.27]
	at org.springframework.beans.factory.support.DefaultListableBeanFactory.destroySingletons(DefaultListableBeanFactory.java:1156) ~[spring-beans-5.3.27.jar:5.3.27]
	at org.springframework.context.support.AbstractApplicationContext.destroyBeans(AbstractApplicationContext.java:1108) ~[spring-context-5.3.27.jar:5.3.27]
	at org.springframework.context.support.AbstractApplicationContext.doClose(AbstractApplicationContext.java:1077) ~[spring-context-5.3.27.jar:5.3.27]
	at org.springframework.boot.web.servlet.context.ServletWebServerApplicationContext.doClose(ServletWebServerApplicationContext.java:174) ~[spring-boot-2.7.12.jar:2.7.12]
	at org.springframework.context.support.AbstractApplicationContext.close(AbstractApplicationContext.java:1023) ~[spring-context-5.3.27.jar:5.3.27]
	at org.springframework.boot.SpringApplicationShutdownHook.closeAndWait(SpringApplicationShutdownHook.java:145) ~[spring-boot-2.7.12.jar:2.7.12]
	at java.base/java.lang.Iterable.forEach(Iterable.java:75) ~[na:na]
	at org.springframework.boot.SpringApplicationShutdownHook.run(SpringApplicationShutdownHook.java:114) ~[spring-boot-2.7.12.jar:2.7.12]
	at java.base/java.lang.Thread.run(Thread.java:829) ~[na:na]
Caused by: com.alibaba.nacos.api.exception.NacosException: Client not connected, current status:UNHEALTHY
	at com.alibaba.nacos.common.remote.client.RpcClient.request(RpcClient.java:650) ~[nacos-client-2.0.4.jar:na]
	at com.alibaba.nacos.common.remote.client.RpcClient.request(RpcClient.java:630) ~[nacos-client-2.0.4.jar:na]
	at com.alibaba.nacos.client.naming.remote.gprc.NamingGrpcClientProxy.requestToServer(NamingGrpcClientProxy.java:280) ~[nacos-client-2.0.4.jar:na]
	... 30 common frames omitted

16:32:41:374  INFO 29364 --- [SpringApplicationShutdownHook] c.a.c.n.registry.NacosServiceRegistry    : De-registration finished.
16:32:41:722  INFO 29364 --- [SpringApplicationShutdownHook] com.alibaba.nacos.common.remote.client   : Shutdown rpc client, set status to shutdown
16:32:41:722  INFO 29364 --- [SpringApplicationShutdownHook] com.alibaba.nacos.common.remote.client   : Shutdown client event executor java.util.concurrent.ScheduledThreadPoolExecutor@58f963d1[Running, pool size = 2, active threads = 2, queued tasks = 0, completed tasks = 0]
16:32:41:723  INFO 29364 --- [SpringApplicationShutdownHook] com.alibaba.nacos.common.remote.client   : Close current connection 1773822549927_192.168.223.1_48587
16:32:41:723  INFO 29364 --- [SpringApplicationShutdownHook] c.a.n.c.remote.client.grpc.GrpcClient    : Shutdown grpc executor java.util.concurrent.ThreadPoolExecutor@2070bf20[Running, pool size = 2, active threads = 0, queued tasks = 0, completed tasks = 619]
16:32:41:725 ERROR 29364 --- [com.alibaba.nacos.client.remote.worker] c.a.n.c.remote.client.grpc.GrpcClient    : Server check fail, please check server 192.168.223.129 ,port 9848 is available , error ={}

java.lang.InterruptedException: null
	at com.alibaba.nacos.shaded.com.google.common.util.concurrent.AbstractFuture.get(AbstractFuture.java:438) ~[nacos-client-2.0.4.jar:na]
	at com.alibaba.nacos.common.remote.client.grpc.GrpcClient.serverCheck(GrpcClient.java:148) ~[nacos-client-2.0.4.jar:na]
	at com.alibaba.nacos.common.remote.client.grpc.GrpcClient.connectToServer(GrpcClient.java:264) ~[nacos-client-2.0.4.jar:na]
	at com.alibaba.nacos.common.remote.client.RpcClient.reconnect(RpcClient.java:522) ~[nacos-client-2.0.4.jar:na]
	at com.alibaba.nacos.common.remote.client.RpcClient.lambda$start$2(RpcClient.java:370) ~[nacos-client-2.0.4.jar:na]
	at java.base/java.util.concurrent.Executors$RunnableAdapter.call(Executors.java:515) ~[na:na]
	at java.base/java.util.concurrent.FutureTask.run$$$capture(FutureTask.java:264) ~[na:na]
	at java.base/java.util.concurrent.FutureTask.run(FutureTask.java) ~[na:na]
	at java.base/java.util.concurrent.ScheduledThreadPoolExecutor$ScheduledFutureTask.run(ScheduledThreadPoolExecutor.java:304) ~[na:na]
	at java.base/java.util.concurrent.ThreadPoolExecutor.runWorker(ThreadPoolExecutor.java:1128) ~[na:na]
	at java.base/java.util.concurrent.ThreadPoolExecutor$Worker.run(ThreadPoolExecutor.java:628) ~[na:na]
	at java.base/java.lang.Thread.run(Thread.java:829) ~[na:na]

16:32:41:727 ERROR 29364 --- [com.alibaba.nacos.client.remote.worker] c.a.n.c.remote.client.grpc.GrpcClient    : [27c8ae14-db1f-4c9a-b21f-7657b9d375c4]Fail to connect to server!,error={}

java.util.concurrent.RejectedExecutionException: Task com.alibaba.nacos.shaded.io.grpc.internal.SerializingExecutor@3d63648a rejected from java.util.concurrent.ThreadPoolExecutor@2070bf20[Terminated, pool size = 0, active threads = 0, queued tasks = 0, completed tasks = 619]
	at java.base/java.util.concurrent.ThreadPoolExecutor$AbortPolicy.rejectedExecution(ThreadPoolExecutor.java:2055) ~[na:na]
	at java.base/java.util.concurrent.ThreadPoolExecutor.reject(ThreadPoolExecutor.java:825) ~[na:na]
	at java.base/java.util.concurrent.ThreadPoolExecutor.execute(ThreadPoolExecutor.java:1355) ~[na:na]
	at com.alibaba.nacos.shaded.io.grpc.internal.SerializingExecutor.schedule(SerializingExecutor.java:93) ~[nacos-client-2.0.4.jar:na]
	at com.alibaba.nacos.shaded.io.grpc.internal.SerializingExecutor.execute(SerializingExecutor.java:86) ~[nacos-client-2.0.4.jar:na]
	at com.alibaba.nacos.shaded.io.grpc.internal.ClientCallImpl$ClientStreamListenerImpl.closedInternal(ClientCallImpl.java:696) ~[nacos-client-2.0.4.jar:na]
	at com.alibaba.nacos.shaded.io.grpc.internal.ClientCallImpl$ClientStreamListenerImpl.closed(ClientCallImpl.java:646) ~[nacos-client-2.0.4.jar:na]
	at com.alibaba.nacos.shaded.io.grpc.internal.ClientCallImpl$ClientStreamListenerImpl.closed(ClientCallImpl.java:639) ~[nacos-client-2.0.4.jar:na]
	at com.alibaba.nacos.shaded.io.grpc.internal.DelayedStream.cancel(DelayedStream.java:302) ~[nacos-client-2.0.4.jar:na]
	at com.alibaba.nacos.shaded.io.grpc.internal.DelayedClientTransport$PendingStream.cancel(DelayedClientTransport.java:363) ~[nacos-client-2.0.4.jar:na]
	at com.alibaba.nacos.shaded.io.grpc.internal.DelayedClientTransport.shutdownNow(DelayedClientTransport.java:241) ~[nacos-client-2.0.4.jar:na]
	at com.alibaba.nacos.shaded.io.grpc.internal.ManagedChannelImpl$UncommittedRetriableStreamsRegistry.onShutdownNow(ManagedChannelImpl.java:1021) ~[nacos-client-2.0.4.jar:na]
	at com.alibaba.nacos.shaded.io.grpc.internal.ManagedChannelImpl.shutdownNow(ManagedChannelImpl.java:752) ~[nacos-client-2.0.4.jar:na]
	at com.alibaba.nacos.shaded.io.grpc.internal.ManagedChannelImpl.shutdownNow(ManagedChannelImpl.java:105) ~[nacos-client-2.0.4.jar:na]
	at com.alibaba.nacos.shaded.io.grpc.internal.ForwardingManagedChannel.shutdownNow(ForwardingManagedChannel.java:52) ~[nacos-client-2.0.4.jar:na]
	at com.alibaba.nacos.shaded.io.grpc.internal.ManagedChannelOrphanWrapper.shutdownNow(ManagedChannelOrphanWrapper.java:66) ~[nacos-client-2.0.4.jar:na]
	at com.alibaba.nacos.common.remote.client.grpc.GrpcClient.shuntDownChannel(GrpcClient.java:130) ~[nacos-client-2.0.4.jar:na]
	at com.alibaba.nacos.common.remote.client.grpc.GrpcClient.connectToServer(GrpcClient.java:266) ~[nacos-client-2.0.4.jar:na]
	at com.alibaba.nacos.common.remote.client.RpcClient.reconnect(RpcClient.java:522) ~[nacos-client-2.0.4.jar:na]
	at com.alibaba.nacos.common.remote.client.RpcClient.lambda$start$2(RpcClient.java:370) ~[nacos-client-2.0.4.jar:na]
	at java.base/java.util.concurrent.Executors$RunnableAdapter.call(Executors.java:515) ~[na:na]
	at java.base/java.util.concurrent.FutureTask.run$$$capture(FutureTask.java:264) ~[na:na]
	at java.base/java.util.concurrent.FutureTask.run(FutureTask.java) ~[na:na]
	at java.base/java.util.concurrent.ScheduledThreadPoolExecutor$ScheduledFutureTask.run(ScheduledThreadPoolExecutor.java:304) ~[na:na]
	at java.base/java.util.concurrent.ThreadPoolExecutor.runWorker(ThreadPoolExecutor.java:1128) ~[na:na]
	at java.base/java.util.concurrent.ThreadPoolExecutor$Worker.run(ThreadPoolExecutor.java:628) ~[na:na]
	at java.base/java.lang.Thread.run(Thread.java:829) ~[na:na]

16:32:41:728  INFO 29364 --- [com.alibaba.nacos.client.remote.worker] com.alibaba.nacos.common.remote.client   : Close current connection 1773822549927_192.168.223.1_48587
16:32:41:728  INFO 29364 --- [com.alibaba.nacos.client.remote.worker] com.alibaba.nacos.common.remote.client   : [27c8ae14-db1f-4c9a-b21f-7657b9d375c4] Fail to connect server, after trying 9 times, last try server is {serverIp = '192.168.223.129', server main port = 8848}, error = unknown
16:32:41:739  INFO 29364 --- [SpringApplicationShutdownHook] com.zaxxer.hikari.HikariDataSource       : HikariPool-1 - Shutdown initiated...
16:32:42:735  INFO 29364 --- [com.alibaba.nacos.client.remote.worker] com.alibaba.nacos.common.remote.client   : [27c8ae14-db1f-4c9a-b21f-7657b9d375c4] Client is shutdown, stop reconnect to server
16:32:51:758  INFO 29364 --- [SpringApplicationShutdownHook] com.zaxxer.hikari.HikariDataSource       : HikariPool-1 - Shutdown completed.
